2026-07-19 16:17:02.845 [info] Getting Manifest... huynhduong.nvtokyo-theme
2026-07-19 16:17:03.634 [info] Installing extension: huynhduong.nvtokyo-theme {"isMachineScoped":false,"installPreReleaseVersion":false,"pinned":false,"profileLocation":{"$mid":1,"external":"vscode-userdata:/home/shxqow/.vscode/extensions/extensions.json","path":"/home/shxqow/.vscode/extensions/extensions.json","scheme":"vscode-userdata"},"isBuiltin":false,"isApplicationScoped":false,"productVersion":{"version":"1.129.1","date":"2026-07-17T15:35:09Z"}}
2026-07-19 16:17:07.155 [info] Extension signature verification result for huynhduong.nvtokyo-theme: Success. Internal Code: 0. Executed: true. Duration: 1647ms.
2026-07-19 16:17:07.178 [info] Extracted extension to file:///home/shxqow/.vscode/extensions/huynhduong.nvtokyo-theme-0.0.2: huynhduong.nvtokyo-theme
2026-07-19 16:17:07.189 [info] Renamed to /home/shxqow/.vscode/extensions/huynhduong.nvtokyo-theme-0.0.2
2026-07-19 16:17:07.204 [info] Extension installed successfully: huynhduong.nvtokyo-theme vscode-userdata:/home/shxqow/.vscode/extensions/extensions.json
2026-07-19 16:17:15.868 [info] Getting Manifest... dionannd.tokyo-night-ported-nvim
2026-07-19 16:17:16.801 [info] Installing extension: dionannd.tokyo-night-ported-nvim {"isMachineScoped":false,"installPreReleaseVersion":false,"pinned":false,"profileLocation":{"$mid":1,"external":"vscode-userdata:/home/shxqow/.vscode/extensions/extensions.json","path":"/home/shxqow/.vscode/extensions/extensions.json","scheme":"vscode-userdata"},"isBuiltin":false,"isApplicationScoped":false,"productVersion":{"version":"1.129.1","date":"2026-07-17T15:35:09Z"}}
2026-07-19 16:17:18.435 [info] Extension signature verification result for dionannd.tokyo-night-ported-nvim: Success. Internal Code: 0. Executed: true. Duration: 560ms.
2026-07-19 16:17:18.446 [info] Extracted extension to file:///home/shxqow/.vscode/extensions/dionannd.tokyo-night-ported-nvim-0.2.4: dionannd.tokyo-night-ported-nvim
2026-07-19 16:17:18.460 [info] Renamed to /home/shxqow/.vscode/extensions/dionannd.tokyo-night-ported-nvim-0.2.4
2026-07-19 16:17:18.468 [info] Extension installed successfully: dionannd.tokyo-night-ported-nvim vscode-userdata:/home/shxqow/.vscode/extensions/extensions.json
2026-07-19 16:21:53.233 [info] Uninstalling extension from the profile: dionannd.tokyo-night-ported-nvim@0.2.4 vscode-userdata:/home/shxqow/.vscode/extensions/extensions.json
2026-07-19 16:21:53.268 [info] Marked extension as removed dionannd.tokyo-night-ported-nvim-0.2.4
2026-07-19 16:21:54.096 [info] Successfully uninstalled extension from the profile dionannd.tokyo-night-ported-nvim@0.2.4 vscode-userdata:/home/shxqow/.vscode/extensions/extensions.json
2026-07-19 16:22:13.589 [info] Getting Manifest... enkia.tokyo-night
2026-07-19 16:22:14.468 [info] Installing extension: enkia.tokyo-night {"isMachineScoped":false,"installPreReleaseVersion":false,"pinned":false,"profileLocation":{"$mid":1,"external":"vscode-userdata:/home/shxqow/.vscode/extensions/extensions.json","path":"/home/shxqow/.vscode/extensions/extensions.json","scheme":"vscode-userdata"},"isBuiltin":false,"isApplicationScoped":false,"productVersion":{"version":"1.129.1","date":"2026-07-17T15:35:09Z"}}
2026-07-19 16:22:18.190 [info] Extension signature verification result for enkia.tokyo-night: Success. Internal Code: 0. Executed: true. Duration: 564ms.
2026-07-19 16:22:18.199 [info] Extracted extension to file:///home/shxqow/.vscode/extensions/enkia.tokyo-night-1.1.2: enkia.tokyo-night
2026-07-19 16:22:18.204 [info] Renamed to /home/shxqow/.vscode/extensions/enkia.tokyo-night-1.1.2
2026-07-19 16:22:18.216 [info] Extension installed successfully: enkia.tokyo-night vscode-userdata:/home/shxqow/.vscode/extensions/extensions.json
2026-07-19 16:22:49.620 [info] Uninstalling extension from the profile: huynhduong.nvtokyo-theme@0.0.2 vscode-userdata:/home/shxqow/.vscode/extensions/extensions.json
2026-07-19 16:22:49.655 [info] Marked extension as removed huynhduong.nvtokyo-theme-0.0.2
2026-07-19 16:22:49.839 [info] Successfully uninstalled extension from the profile huynhduong.nvtokyo-theme@0.0.2 vscode-userdata:/home/shxqow/.vscode/extensions/extensions.json
2026-07-19 16:23:11.084 [info] Getting Manifest... pkief.material-icon-theme
2026-07-19 16:23:11.977 [info] Installing extension: pkief.material-icon-theme {"isMachineScoped":false,"installPreReleaseVersion":false,"pinned":false,"profileLocation":{"$mid":1,"external":"vscode-userdata:/home/shxqow/.vscode/extensions/extensions.json","path":"/home/shxqow/.vscode/extensions/extensions.json","scheme":"vscode-userdata"},"isBuiltin":false,"isApplicationScoped":false,"productVersion":{"version":"1.129.1","date":"2026-07-17T15:35:09Z"}}
2026-07-19 16:23:13.665 [info] Extension signature verification result for pkief.material-icon-theme: Success. Internal Code: 0. Executed: true. Duration: 538ms.
2026-07-19 16:23:14.043 [info] Extracted extension to file:///home/shxqow/.vscode/extensions/pkief.material-icon-theme-5.37.0: pkief.material-icon-theme
2026-07-19 16:23:14.094 [info] Renamed to /home/shxqow/.vscode/extensions/pkief.material-icon-theme-5.37.0
2026-07-19 16:23:14.136 [info] Extension installed successfully: pkief.material-icon-theme vscode-userdata:/home/shxqow/.vscode/extensions/extensions.json
