2026-07-19 16:27:06.225 [info] read schema from vscode: vscode://schemas/settings/user
2026-07-19 16:27:06.363 [info] read schema from vscode: vscode://schemas/settings/resourceLanguage
2026-07-19 16:27:06.364 [info] read schema from vscode: vscode://schemas/ignoredSettings
2026-07-19 16:27:06.373 [info] read schema from vscode: vscode://schemas/launch
2026-07-19 16:27:06.377 [info] read schema from vscode: vscode://schemas/token-styling
2026-07-19 16:27:06.377 [info] read schema from vscode: vscode://schemas/textmate-colors
2026-07-19 16:27:06.377 [info] read schema from vscode: vscode://schemas/workbench-colors
2026-07-19 16:27:07.372 [info] schema change detected vscode://schemas/settings/user
2026-07-19 16:27:07.374 [info] read schema from vscode: vscode://schemas/settings/user
2026-07-19 16:27:13.764 [info] schema change detected vscode://schemas/settings/user
2026-07-19 16:27:22.774 [info] read schema from vscode: vscode://schemas/settings/user
2026-07-19 16:27:23.898 [info] schema change detected vscode://schemas/settings/user
2026-07-19 16:27:23.900 [info] read schema from vscode: vscode://schemas/settings/user
2026-07-19 16:27:29.483 [info] schema change detected vscode://schemas/settings/user
2026-07-19 16:28:49.107 [info] schema change detected vscode://schemas/ignoredSettings
2026-07-19 16:28:49.375 [info] schema change detected vscode://schemas/settings/user
2026-07-19 16:29:08.616 [info] schema change detected vscode://schemas/ignoredSettings
2026-07-19 16:29:08.878 [info] schema change detected vscode://schemas/settings/user
2026-07-19 16:29:10.067 [info] schema change detected vscode://schemas/settings/user
2026-07-19 16:29:14.009 [info] schema change detected vscode://schemas/launch
2026-07-19 16:29:48.263 [info] schema change detected vscode://schemas/ignoredSettings
2026-07-19 16:29:48.521 [info] schema change detected vscode://schemas/settings/user
2026-07-19 16:30:20.879 [info] schema change detected vscode://schemas/ignoredSettings
2026-07-19 16:30:20.891 [info] schema change detected vscode://schemas/launch
2026-07-19 16:30:20.892 [info] schema change detected vscode://schemas/launch
2026-07-19 16:30:20.915 [info] schema change detected vscode://schemas/ignoredSettings
2026-07-19 16:30:21.141 [info] schema change detected vscode://schemas/settings/user
2026-07-19 16:30:21.493 [info] schema change detected vscode://schemas/settings/resourceLanguage
2026-07-19 16:30:21.504 [info] schema change detected vscode://schemas/ignoredSettings
2026-07-19 16:30:21.557 [info] schema change detected vscode://schemas/settings/user
2026-07-19 16:30:21.682 [info] schema change detected vscode://schemas/settings/user
2026-07-19 16:30:22.571 [info] schema change detected vscode://schemas/settings/user
2026-07-19 16:30:25.230 [info] schema change detected vscode://schemas/settings/user
2026-07-19 16:30:56.407 [info] schema change detected vscode://schemas/ignoredSettings
2026-07-19 16:30:56.543 [info] schema change detected vscode://schemas/settings/user
2026-07-19 16:30:56.619 [info] schema change detected vscode://schemas/workbench-colors
2026-07-19 16:31:38.123 [info] schema change detected vscode://schemas/ignoredSettings
2026-07-19 16:31:38.270 [info] schema change detected vscode://schemas/settings/user
2026-07-19 16:32:12.484 [info] schema change detected vscode://schemas/ignoredSettings
2026-07-19 16:32:12.701 [info] schema change detected vscode://schemas/settings/user
2026-07-19 16:32:22.046 [info] schema change detected vscode://schemas/settings/user
2026-07-19 16:32:35.418 [info] schema change detected vscode://schemas/ignoredSettings
2026-07-19 16:32:35.524 [info] schema change detected vscode://schemas/settings/user
2026-07-19 16:32:41.279 [info] schema change detected vscode://schemas/ignoredSettings
2026-07-19 16:32:41.358 [info] schema change detected vscode://schemas/settings/user
2026-07-19 16:32:58.836 [info] schema change detected vscode://schemas/ignoredSettings
2026-07-19 16:32:58.925 [info] schema change detected vscode://schemas/settings/user
2026-07-19 16:32:59.016 [info] schema change detected vscode://schemas/workbench-colors
2026-07-19 16:33:10.154 [info] schema change detected vscode://schemas/ignoredSettings
2026-07-19 16:33:10.244 [info] schema change detected vscode://schemas/settings/user
2026-07-19 16:33:51.310 [info] schema change detected vscode://schemas/ignoredSettings
2026-07-19 16:33:51.443 [info] schema change detected vscode://schemas/settings/user
2026-07-19 16:33:51.515 [info] schema change detected vscode://schemas/ignoredSettings
2026-07-19 16:33:51.606 [info] schema change detected vscode://schemas/settings/user
2026-07-19 16:34:48.149 [info] schema change detected vscode://schemas/ignoredSettings
2026-07-19 16:34:48.232 [info] schema change detected vscode://schemas/settings/user
2026-07-19 16:40:18.387 [info] schema change detected vscode://schemas/ignoredSettings
2026-07-19 16:40:18.543 [info] schema change detected vscode://schemas/settings/user
2026-07-19 16:40:57.329 [info] schema change detected vscode://schemas/ignoredSettings
2026-07-19 16:40:57.335 [info] schema change detected vscode://schemas/launch
2026-07-19 16:40:57.335 [info] schema change detected vscode://schemas/launch
2026-07-19 16:40:57.492 [info] schema change detected vscode://schemas/settings/user
2026-07-19 16:40:58.118 [info] schema change detected vscode://schemas/settings/user
2026-07-19 16:40:59.200 [info] schema change detected vscode://schemas/settings/user
2026-07-19 16:41:02.807 [info] schema change detected vscode://schemas/launch
2026-07-19 16:41:07.590 [info] schema change detected vscode://schemas/ignoredSettings
2026-07-19 16:41:07.743 [info] schema change detected vscode://schemas/settings/user
2026-07-19 16:41:07.783 [info] schema change detected vscode://schemas/workbench-colors
2026-07-19 16:41:12.928 [info] schema change detected vscode://schemas/ignoredSettings
2026-07-19 16:41:12.981 [info] schema change detected vscode://schemas/settings/user
2026-07-19 16:41:13.034 [info] schema change detected vscode://schemas/settings/resourceLanguage
2026-07-19 16:41:13.054 [info] schema change detected vscode://schemas/ignoredSettings
2026-07-19 16:41:13.108 [info] schema change detected vscode://schemas/settings/user
2026-07-19 16:41:32.438 [info] schema change detected vscode://schemas/ignoredSettings
2026-07-19 16:41:32.592 [info] schema change detected vscode://schemas/settings/user
2026-07-19 16:41:51.955 [info] schema change detected vscode://schemas/ignoredSettings
2026-07-19 16:41:52.125 [info] schema change detected vscode://schemas/settings/user
2026-07-19 16:41:52.145 [info] schema change detected vscode://schemas/workbench-colors
2026-07-19 16:42:12.811 [info] schema change detected vscode://schemas/ignoredSettings
2026-07-19 16:42:12.955 [info] schema change detected vscode://schemas/settings/user
