2026-07-19 16:53:25.444 [info] [main] Log level: Info
2026-07-19 16:53:25.444 [info] [main] Validating found git in: "git"
2026-07-19 16:53:25.444 [info] [main] Using git "2.55.0" from "git"
2026-07-19 16:53:25.444 [info] [Model][doInitialScan] Initial repository scan started
2026-07-19 16:53:25.444 [info] > git rev-parse --show-toplevel [4ms]
2026-07-19 16:53:25.444 [info] > git rev-parse --git-dir --git-common-dir --show-superproject-working-tree [3ms]
2026-07-19 16:53:25.671 [info] [Model][openRepository] Opened repository (path): /home/shxqow/Documents/Projects/Linux
2026-07-19 16:53:25.671 [info] [Model][openRepository] Opened repository (real path): /home/shxqow/Documents/Projects/Linux
2026-07-19 16:53:25.671 [info] [Model][openRepository] Opened repository (kind): repository
2026-07-19 16:53:25.686 [info] > git config --get commit.template [6ms]
2026-07-19 16:53:25.687 [info] > git config --get --local core.virtualfilesystem [10ms]
2026-07-19 16:53:25.687 [warning] [Git][config] git config failed: Failed to execute git
2026-07-19 16:53:25.764 [info] > git rev-parse --show-toplevel [79ms]
2026-07-19 16:53:25.769 [info] > git for-each-ref --format=%(refname)%00%(upstream:short)%00%(objectname)%00%(upstream:track)%00%(upstream:remotename)%00%(upstream:remoteref) refs/heads/main refs/remotes/main [11ms]
2026-07-19 16:53:26.012 [info] > git rev-parse --show-toplevel [244ms]
2026-07-19 16:53:26.070 [info] > git rev-parse --show-toplevel [28ms]
2026-07-19 16:53:26.104 [info] > git for-each-ref --sort -committerdate --format %(refname)%00%(objectname)%00%(*objectname) [35ms]
2026-07-19 16:53:26.119 [info] > git rev-parse --show-toplevel [43ms]
2026-07-19 16:53:26.131 [info] > git rev-parse --show-toplevel [7ms]
2026-07-19 16:53:26.131 [info] [Model][doInitialScan] Initial repository scan completed - repositories (1), closed repositories (0), parent repositories (0), unsafe repositories (0)
2026-07-19 16:53:26.142 [info] > git check-ignore -v -z --stdin [51ms]
2026-07-19 16:53:26.218 [info] > git show --textconv :files/system/etc/skel/.config/spectaclerc [43ms]
2026-07-19 16:53:26.231 [info] > git ls-files --stage -- files/system/etc/skel/.config/spectaclerc [29ms]
2026-07-19 16:53:26.246 [info] > git cat-file -s d4ba8c72c948bb5c46c944810f69a1165d7c028d [11ms]
2026-07-19 16:53:27.174 [info] > git status -z -uall [1111ms] (cancelled)
2026-07-19 16:53:27.174 [info] > git check-ignore -v -z --stdin [956ms]
2026-07-19 16:53:27.180 [info] > git config --get commit.template [7ms]
2026-07-19 16:53:27.180 [info] > git for-each-ref --format=%(refname)%00%(upstream:short)%00%(objectname)%00%(upstream:track)%00%(upstream:remotename)%00%(upstream:remoteref) refs/heads/main refs/remotes/main [684ms]
2026-07-19 16:53:27.185 [info] > git blame --root --incremental f3e4bc3d23228efe54f0dfbd5adec17392caa1ce -- files/system/etc/skel/.config/spectaclerc [896ms]
2026-07-19 16:53:27.193 [info] > git config --get --local branch.main.vscode-merge-base [8ms]
2026-07-19 16:53:27.199 [info] > git for-each-ref --format=%(refname)%00%(upstream:short)%00%(objectname)%00%(upstream:track)%00%(upstream:remotename)%00%(upstream:remoteref) refs/heads/origin/main refs/remotes/origin/main [1ms]
2026-07-19 16:53:27.205 [info] > git for-each-ref --format=%(refname)%00%(upstream:short)%00%(objectname)%00%(upstream:track)%00%(upstream:remotename)%00%(upstream:remoteref) refs/heads/main refs/remotes/main [12ms]
2026-07-19 16:53:27.205 [info] > git merge-base refs/heads/main refs/remotes/origin/main [1ms]
2026-07-19 16:53:27.229 [info] > git diff --raw --numstat --diff-filter=ADMR -z --find-renames=50% f3e4bc3d23228efe54f0dfbd5adec17392caa1ce...refs/remotes/origin/main -- [20ms]
2026-07-19 16:53:27.246 [info] > git for-each-ref --sort -committerdate --format %(refname)%00%(objectname)%00%(*objectname) [17ms]
2026-07-19 16:53:27.581 [info] > git status -z -uall [368ms] (cancelled)
2026-07-19 16:53:27.581 [info] > git check-ignore -v -z --stdin [121ms]
2026-07-19 16:53:28.691 [info] > git check-ignore -v -z --stdin [123ms]
2026-07-19 16:53:29.506 [info] > git check-ignore -v -z --stdin [15ms]
2026-07-19 16:53:40.157 [info] > git check-ignore -v -z --stdin [94ms]
2026-07-19 16:53:40.767 [info] > git check-ignore -v -z --stdin [56ms]
2026-07-19 16:53:46.369 [info] > git check-ignore -v -z --stdin [26ms]
2026-07-19 16:53:47.905 [info] > git check-ignore -v -z --stdin [126ms]
