2026-07-19 16:30:21.451 [info] Python-envs extension version: 1.36.0
2026-07-19 16:30:21.451 [info] 
=== Python Envs Configuration Levels ===
2026-07-19 16:30:21.451 [info] {
  "section": "Python Envs Configuration Levels",
  "defaultEnvManager": {
    "workspaceFolderValue": "undefined",
    "workspaceValue": "undefined",
    "globalValue": "undefined",
    "defaultValue": "ms-python.python:venv"
  },
  "defaultPackageManager": {
    "workspaceFolderValue": "undefined",
    "workspaceValue": "undefined",
    "globalValue": "undefined",
    "defaultValue": "ms-python.python:pip"
  }
}
2026-07-19 16:30:21.451 [info] [pet] Starting Python Locator /home/shxqow/.vscode/extensions/ms-python.vscode-python-envs-1.36.0-linux-x64/python-env-tools/bin/pet server
2026-07-19 16:30:21.451 [info] Registering pyenv manager (environments will be discovered lazily)
2026-07-19 16:30:21.451 [info] Registering pipenv manager (environments will be discovered lazily)
2026-07-19 16:30:21.451 [info] Registering poetry manager (environments will be discovered lazily)
2026-07-19 16:30:21.471 [info] [pet] configure: Sending configuration update: {"workspaceDirectories":["/home/shxqow/Documents/Projects/Shell"],"environmentDirectories":["/home/shxqow/Documents/Projects/Shell/.venv","/home/shxqow/Documents/Projects/Shell/*/.venv"],"pipenvExecutable":"pipenv","poetryExecutable":"poetry","cacheDirectory":"/home/shxqow/.config/Code/User/globalStorage/ms-python.vscode-python-envs/pythonLocator"}
2026-07-19 16:30:21.492 [info] Refreshing Pyenv Environments
2026-07-19 16:30:21.492 [info] Refreshing pyenv environments
2026-07-19 16:30:21.492 [info] Refreshing Pipenv Environments
2026-07-19 16:30:21.492 [info] Refreshing pipenv environments
2026-07-19 16:30:21.492 [info] Refreshing Poetry Environments
2026-07-19 16:30:21.492 [info] Refreshing poetry environments
2026-07-19 16:30:22.295 [info] Discovered env: /usr/bin/python
2026-07-19 16:30:22.378 [info] Discovered env: /usr/bin/python3.10
2026-07-19 16:30:22.499 [info] Conda not found, turning off conda features. [Error: Conda not found
	at L (/home/shxqow/.vscode/extensions/ms-python.vscode-python-envs-1.36.0-linux-x64/dist/extension.js:2:629081)
	at runNextTicks (node:internal/process/task_queues:65:5)
	at process.processImmediate (node:internal/timers:472:9)
	at async V (/home/shxqow/.vscode/extensions/ms-python.vscode-python-envs-1.36.0-linux-x64/dist/extension.js:2:629206)
	at async t.registerCondaFeatures (/home/shxqow/.vscode/extensions/ms-python.vscode-python-envs-1.36.0-linux-x64/dist/extension.js:2:648591)
	at async t.safeRegister (/home/shxqow/.vscode/extensions/ms-python.vscode-python-envs-1.36.0-linux-x64/dist/extension.js:2:290365)
	at async Promise.all (index 1)
	at async Immediate.<anonymous> (/home/shxqow/.vscode/extensions/ms-python.vscode-python-envs-1.36.0-linux-x64/dist/extension.js:2:782813)]
2026-07-19 16:30:22.500 [info] [interpreterSelection] Applying initial environment selection for 1 workspace folder(s)
2026-07-19 16:30:22.559 [info] Discovered env: /usr/bin/python
2026-07-19 16:30:22.573 [info] Discovered env: /usr/bin/python3.10
2026-07-19 16:30:22.591 [info] [SYS_SET] scope=/home/shxqow/Documents/Projects/Shell, project=/home/shxqow/Documents/Projects/Shell, normalizedKey=/home/shxqow/Documents/Projects/Shell, env=Python 3.14.6.final.0-qa8rckjum7c
2026-07-19 16:30:22.596 [info] Python API: Changed environment from undefined to Python 3.14.6.final.0 for: /home/shxqow/Documents/Projects/Shell
2026-07-19 16:30:22.596 [info] Internal: Changed environment from undefined to Python 3.14.6.final.0 for: /home/shxqow/Documents/Projects/Shell
2026-07-19 16:30:22.597 [info] [interpreterSelection] Shell: Python 3.14.6.final.0 (source: autoDiscovery)
2026-07-19 16:30:22.597 [info] [interpreterSelection] Workspace env resolved, deferring global scope to background
2026-07-19 16:30:22.602 [info] Python API: Changed environment from undefined to Python 3.14.6.final.0 for: global
2026-07-19 16:30:22.602 [info] Internal: Changed environment from undefined to Python 3.14.6.final.0 for: global
2026-07-19 16:30:22.602 [info] [interpreterSelection] global: Python 3.14.6.final.0 (source: autoDiscovery)
2026-07-19 16:30:22.605 [info] Refreshing pyenv environments
2026-07-19 16:30:22.610 [info] Pipenv not found via settings, cache, or PATH
2026-07-19 16:30:22.611 [info] Refreshing pipenv environments
2026-07-19 16:30:22.612 [info] Pipenv not found via settings, cache, or PATH
2026-07-19 16:30:22.612 [info] Found 0 pipenv environments
2026-07-19 16:30:22.613 [info] Pipenv not found via settings, cache, or PATH
2026-07-19 16:30:22.615 [info] Refreshing poetry environments
2026-07-19 16:30:22.616 [info] Poetry executable not found
2026-07-19 16:30:22.617 [info] Environment discovery complete: 2 environments found (Global: 2)
2026-07-19 16:30:22.625 [info] Discovered env: /usr/bin/python
2026-07-19 16:30:22.630 [info] Discovered env: /usr/bin/python3.10
2026-07-19 16:30:22.672 [info] Discovered env: /usr/bin/python
2026-07-19 16:30:22.676 [info] Discovered env: /usr/bin/python3.10
2026-07-19 16:30:22.724 [info] Discovered env: /usr/bin/python
2026-07-19 16:30:22.729 [info] Discovered env: /usr/bin/python3.10
2026-07-19 16:30:22.776 [info] Discovered env: /usr/bin/python
2026-07-19 16:30:22.780 [info] Discovered env: /usr/bin/python3.10
2026-07-19 16:30:22.794 [info] Pipenv not found via settings, cache, or PATH
2026-07-19 16:30:22.803 [info] Found 0 pipenv environments
2026-07-19 16:30:22.830 [info] Discovered env: /usr/bin/python
2026-07-19 16:30:22.831 [info] Discovered env: /usr/bin/python3.10
2026-07-19 16:30:22.848 [info] Poetry executable not found
