2026-07-19 16:48:31.327 [info] Extension host with pid 37435 started
2026-07-19 16:48:31.327 [info] Skipping acquiring lock for /home/shxqow/.config/Code/User/workspaceStorage/4e45698a54acae645c780d37a89c529a.
2026-07-19 16:48:31.411 [info] ExtensionService#_doActivateExtension vscode.github-authentication, startup: false, activationEvent: 'onAuthenticationRequest:github'
2026-07-19 16:48:31.433 [info] ExtensionService#_doActivateExtension mechatroner.rainbow-csv, startup: false, activationEvent: 'onLanguage:plaintext'
2026-07-19 16:48:31.436 [info] ExtensionService#_doActivateExtension vscode.emmet, startup: false, activationEvent: 'onLanguage'
2026-07-19 16:48:32.369 [info] ExtensionService#_doActivateExtension vscode.git-base, startup: true, activationEvent: '*', root cause: vscode.git
2026-07-19 16:48:32.371 [info] ExtensionService#_doActivateExtension formulahendry.auto-rename-tag, startup: true, activationEvent: '*'
2026-07-19 16:48:32.392 [info] ExtensionService#_doActivateExtension Zignd.html-css-class-completion, startup: true, activationEvent: '*'
2026-07-19 16:48:32.471 [info] ExtensionService#_doActivateExtension yzhang.markdown-all-in-one, startup: true, activationEvent: 'workspaceContains:README.md'
2026-07-19 16:48:32.648 [info] ExtensionService#_doActivateExtension vscode.markdown-math, startup: false, activationEvent: 'api', root cause: yzhang.markdown-all-in-one
2026-07-19 16:48:32.654 [info] ExtensionService#_doActivateExtension vscode.git, startup: true, activationEvent: '*'
2026-07-19 16:48:32.688 [info] ExtensionService#_doActivateExtension vscode.github, startup: true, activationEvent: '*'
2026-07-19 16:48:32.763 [info] ExtensionService#_doActivateExtension vscode.mermaid-markdown-features, startup: false, activationEvent: 'api', root cause: yzhang.markdown-all-in-one
2026-07-19 16:48:32.797 [error] Error: Tool "renderMermaidDiagram" was not contributed.
    at AF.registerToolImplementation (vscode-file://vscode-app/usr/share/code/resources/app/out/vs/workbench/workbench.desktop.main.js:3412:5759)
    at wBt.$registerTool (vscode-file://vscode-app/usr/share/code/resources/app/out/vs/workbench/workbench.desktop.main.js:1021:97519)
    at s._doInvokeHandler (vscode-file://vscode-app/usr/share/code/resources/app/out/vs/workbench/workbench.desktop.main.js:5218:51898)
    at s._invokeHandler (vscode-file://vscode-app/usr/share/code/resources/app/out/vs/workbench/workbench.desktop.main.js:5218:51644)
    at s._receiveRequest (vscode-file://vscode-app/usr/share/code/resources/app/out/vs/workbench/workbench.desktop.main.js:5218:50425)
    at s._receiveOneMessage (vscode-file://vscode-app/usr/share/code/resources/app/out/vs/workbench/workbench.desktop.main.js:5218:49259)
    at Vxe.value (vscode-file://vscode-app/usr/share/code/resources/app/out/vs/workbench/workbench.desktop.main.js:5218:47331)
    at D._deliver (vscode-file://vscode-app/usr/share/code/resources/app/out/vs/workbench/workbench.desktop.main.js:433:3268)
    at D.fire (vscode-file://vscode-app/usr/share/code/resources/app/out/vs/workbench/workbench.desktop.main.js:433:3587)
    at o6.fire (vscode-file://vscode-app/usr/share/code/resources/app/out/vs/workbench/workbench.desktop.main.js:1076:9732)
    at MessagePort.<anonymous> (vscode-file://vscode-app/usr/share/code/resources/app/out/vs/workbench/workbench.desktop.main.js:5233:16880)
2026-07-19 16:48:33.040 [info] Eager extensions activated
2026-07-19 16:48:33.042 [info] ExtensionService#_doActivateExtension vscode.debug-auto-launch, startup: false, activationEvent: 'onStartupFinished'
2026-07-19 16:48:33.043 [info] ExtensionService#_doActivateExtension vscode.merge-conflict, startup: false, activationEvent: 'onStartupFinished'
2026-07-19 16:48:33.055 [info] ExtensionService#_doActivateExtension aaron-bond.better-comments, startup: false, activationEvent: 'onStartupFinished'
2026-07-19 16:48:33.058 [info] ExtensionService#_doActivateExtension bradlc.vscode-tailwindcss, startup: false, activationEvent: 'onStartupFinished'
2026-07-19 16:48:33.087 [info] ExtensionService#_doActivateExtension dbaeumer.vscode-eslint, startup: false, activationEvent: 'onStartupFinished'
2026-07-19 16:48:33.113 [info] ExtensionService#_doActivateExtension formulahendry.code-runner, startup: false, activationEvent: 'onStartupFinished'
2026-07-19 16:48:33.123 [info] ExtensionService#_doActivateExtension kisstkondoros.vscode-gutter-preview, startup: false, activationEvent: 'onStartupFinished'
2026-07-19 16:48:33.150 [info] ExtensionService#_doActivateExtension ms-vscode-remote.remote-containers, startup: false, activationEvent: 'onStartupFinished'
2026-07-19 16:48:33.256 [info] ExtensionService#_doActivateExtension PKief.material-icon-theme, startup: false, activationEvent: 'onStartupFinished'
2026-07-19 16:48:33.265 [info] ExtensionService#_doActivateExtension usernamehw.errorlens, startup: false, activationEvent: 'onStartupFinished'
2026-07-19 16:48:33.916 [info] Extension host terminating: received terminate message from renderer
2026-07-19 16:48:33.924 [info] Extension host with pid 37435 exiting with code 0
