2026-07-19 16:43:46.567 [info] Reading sessions from keychain...
2026-07-19 16:43:46.613 [info] Getting sessions for all scopes...
2026-07-19 16:43:46.632 [info] Got 0 sessions for ...
2026-07-19 16:43:46.633 [info] Getting sessions for all scopes...
2026-07-19 16:43:46.633 [info] Got 0 sessions for ...
2026-07-19 16:43:46.651 [info] Getting sessions for all scopes...
2026-07-19 16:43:46.651 [info] Got 0 sessions for ...
2026-07-19 16:43:48.156 [info] Getting sessions for read:user,repo,user:email,workflow...
2026-07-19 16:43:48.156 [info] Got 0 sessions for read:user,repo,user:email,workflow...
2026-07-19 16:43:48.299 [info] Getting sessions for all scopes...
2026-07-19 16:43:48.299 [info] Got 0 sessions for ...
2026-07-19 16:47:33.006 [info] Reading sessions from keychain...
2026-07-19 16:47:33.006 [info] Getting sessions for all scopes...
2026-07-19 16:47:33.016 [info] Got 0 sessions for ...
2026-07-19 16:47:33.105 [info] Getting sessions for all scopes...
2026-07-19 16:47:33.105 [info] Got 0 sessions for ...
2026-07-19 16:47:34.852 [info] Getting sessions for all scopes...
2026-07-19 16:47:34.852 [info] Got 0 sessions for ...
2026-07-19 16:47:41.457 [info] Getting sessions for read:user,repo,user:email,workflow...
2026-07-19 16:47:41.457 [info] Got 0 sessions for read:user,repo,user:email,workflow...
