2026-07-19 16:10:50.019 [info] [main] Log level: Info
2026-07-19 16:10:50.019 [info] [main] Validating found git in: "git"
2026-07-19 16:10:50.019 [info] [main] Using git "2.55.0" from "git"
2026-07-19 16:10:50.019 [info] [Model][doInitialScan] Initial repository scan started
2026-07-19 16:10:50.019 [info] [Model][doInitialScan] Initial repository scan completed - repositories (0), closed repositories (0), parent repositories (0), unsafe repositories (0)
2026-07-19 16:15:30.654 [info] [main] Log level: Info
2026-07-19 16:15:30.654 [info] [main] Validating found git in: "git"
2026-07-19 16:15:30.654 [info] [main] Using git "2.55.0" from "git"
2026-07-19 16:15:30.654 [info] [Model][doInitialScan] Initial repository scan started
2026-07-19 16:15:30.655 [info] > git rev-parse --show-toplevel [2ms]
2026-07-19 16:15:30.665 [info] > git rev-parse --git-dir --git-common-dir --show-superproject-working-tree [6ms]
2026-07-19 16:15:30.678 [info] [Model][openRepository] Opened repository (path): /home/shxqow/Documents/Projects/Shell
2026-07-19 16:15:30.678 [info] [Model][openRepository] Opened repository (real path): /home/shxqow/Documents/Projects/Shell
2026-07-19 16:15:30.678 [info] [Model][openRepository] Opened repository (kind): repository
2026-07-19 16:15:30.693 [info] > git config --get commit.template [5ms]
2026-07-19 16:15:30.693 [info] > git config --get --local core.virtualfilesystem [9ms]
2026-07-19 16:15:30.693 [warning] [Git][config] git config failed: Failed to execute git
2026-07-19 16:15:30.694 [info] > git rev-parse --show-toplevel [3ms]
2026-07-19 16:15:30.703 [info] > git for-each-ref --format=%(refname)%00%(upstream:short)%00%(objectname)%00%(upstream:track)%00%(upstream:remotename)%00%(upstream:remoteref) refs/heads/main refs/remotes/main [4ms]
2026-07-19 16:15:30.711 [info] > git rev-parse --show-toplevel [9ms]
2026-07-19 16:15:30.715 [info] > git for-each-ref --sort -committerdate --format %(refname)%00%(objectname)%00%(*objectname) [4ms]
2026-07-19 16:15:30.716 [info] > git rev-parse --show-toplevel [2ms]
2026-07-19 16:15:30.719 [info] > git rev-parse --show-toplevel [1ms]
2026-07-19 16:15:30.722 [info] [Model][doInitialScan] Initial repository scan completed - repositories (1), closed repositories (0), parent repositories (0), unsafe repositories (0)
2026-07-19 16:15:30.728 [info] > git status -z -uall [21ms]
2026-07-19 16:15:30.744 [info] > git config --get commit.template [1ms]
2026-07-19 16:15:30.745 [info] > git for-each-ref --format=%(refname)%00%(upstream:short)%00%(objectname)%00%(upstream:track)%00%(upstream:remotename)%00%(upstream:remoteref) refs/heads/main refs/remotes/main [6ms]
2026-07-19 16:15:30.751 [info] > git config --get --local branch.main.vscode-merge-base [3ms]
2026-07-19 16:15:30.755 [info] > git for-each-ref --format=%(refname)%00%(upstream:short)%00%(objectname)%00%(upstream:track)%00%(upstream:remotename)%00%(upstream:remoteref) refs/heads/main refs/remotes/main [4ms]
2026-07-19 16:15:30.762 [info] > git status -z -uall [3ms]
2026-07-19 16:15:30.763 [info] > git for-each-ref --format=%(refname)%00%(upstream:short)%00%(objectname)%00%(upstream:track)%00%(upstream:remotename)%00%(upstream:remoteref) refs/heads/origin/main refs/remotes/origin/main [8ms]
2026-07-19 16:15:30.763 [info] > git for-each-ref --sort -committerdate --format %(refname)%00%(objectname)%00%(*objectname) [1ms]
2026-07-19 16:15:30.995 [info] > git check-ignore -v -z --stdin [4ms]
2026-07-19 16:15:31.032 [info] > git show --textconv :src/aliases.rs [13ms]
2026-07-19 16:15:31.035 [info] > git ls-files --stage -- src/aliases.rs [5ms]
2026-07-19 16:15:31.045 [info] > git cat-file -s 45edc3df3ad490b6fa311343149e59c366563aaf [3ms]
2026-07-19 16:15:31.210 [info] > git check-ignore -v -z --stdin [4ms]
2026-07-19 16:16:00.538 [info] > git blame --root --incremental fbe737180824af66d9a3a7409c62470eacb68f32 -- src/aliases.rs [13ms]
2026-07-19 16:17:10.916 [info] > git check-ignore -v -z --stdin [3ms]
2026-07-19 16:17:10.945 [info] > git show --textconv :src/aliases.rs [13ms]
2026-07-19 16:17:10.948 [info] > git ls-files --stage -- src/aliases.rs [5ms]
2026-07-19 16:17:10.962 [info] > git cat-file -s 45edc3df3ad490b6fa311343149e59c366563aaf [3ms]
2026-07-19 16:17:17.709 [info] > git check-ignore -v -z --stdin [4ms]
2026-07-19 16:17:17.738 [info] > git show --textconv :src/context.rs [14ms]
2026-07-19 16:17:17.741 [info] > git ls-files --stage -- src/context.rs [5ms]
2026-07-19 16:17:17.757 [info] > git cat-file -s cea716941dc1458d21422accb5a0a17ed6a25a5e [4ms]
2026-07-19 16:18:17.072 [info] > git check-ignore -v -z --stdin [4ms]
2026-07-19 16:18:17.100 [info] > git show --textconv :src/builtins.rs [12ms]
2026-07-19 16:18:17.102 [info] > git ls-files --stage -- src/builtins.rs [4ms]
2026-07-19 16:18:17.117 [info] > git cat-file -s 6cfdd8d2cf2b4b32ec176aa23b1601c6c6c19f14 [4ms]
2026-07-19 16:18:17.467 [info] > git blame --root --incremental fbe737180824af66d9a3a7409c62470eacb68f32 -- src/builtins.rs [14ms]
2026-07-19 16:18:50.756 [info] > git check-ignore -v -z --stdin [4ms]
2026-07-19 16:18:50.785 [info] > git show --textconv :src/editor.rs [13ms]
2026-07-19 16:18:50.788 [info] > git ls-files --stage -- src/editor.rs [5ms]
2026-07-19 16:18:50.800 [info] > git cat-file -s d84307ba01fe4c49362883d1e6e21defa0064353 [3ms]
2026-07-19 16:18:51.358 [info] > git check-ignore -v -z --stdin [4ms]
2026-07-19 16:18:51.386 [info] > git show --textconv :src/expander.rs [14ms]
2026-07-19 16:18:51.391 [info] > git ls-files --stage -- src/expander.rs [6ms]
2026-07-19 16:18:51.405 [info] > git cat-file -s 0ef4a8f246e3c462e5834d6c22c862f9c2f34a5b [3ms]
2026-07-19 16:18:52.154 [info] > git check-ignore -v -z --stdin [1ms]
2026-07-19 16:18:52.162 [info] > git ls-files --stage -- src/jobs.rs [1ms]
2026-07-19 16:18:52.165 [info] > git show --textconv :src/jobs.rs [7ms]
2026-07-19 16:18:52.166 [info] > git cat-file -s 44bab6a4cfe8ce4cb98eef444b566b0f1b64ecd4 [1ms]
2026-07-19 16:20:11.090 [info] > git check-ignore -v -z --stdin [3ms]
2026-07-19 16:20:11.118 [info] > git show --textconv :src/jobs.rs [13ms]
2026-07-19 16:20:11.121 [info] > git ls-files --stage -- src/jobs.rs [4ms]
2026-07-19 16:20:11.135 [info] > git cat-file -s 44bab6a4cfe8ce4cb98eef444b566b0f1b64ecd4 [4ms]
2026-07-19 16:20:25.672 [info] > git check-ignore -v -z --stdin [4ms]
2026-07-19 16:20:25.704 [info] > git show --textconv :src/expander.rs [16ms]
2026-07-19 16:20:25.706 [info] > git ls-files --stage -- src/expander.rs [3ms]
2026-07-19 16:20:25.717 [info] > git cat-file -s 0ef4a8f246e3c462e5834d6c22c862f9c2f34a5b [2ms]
2026-07-19 16:20:26.152 [info] > git check-ignore -v -z --stdin [1ms]
2026-07-19 16:20:26.162 [info] > git show --textconv :src/jobs.rs [4ms]
2026-07-19 16:20:26.163 [info] > git ls-files --stage -- src/jobs.rs [1ms]
2026-07-19 16:20:26.167 [info] > git cat-file -s 44bab6a4cfe8ce4cb98eef444b566b0f1b64ecd4 [1ms]
2026-07-19 16:20:26.481 [info] > git check-ignore -v -z --stdin [4ms]
2026-07-19 16:20:26.504 [info] > git show --textconv :src/expander.rs [11ms]
2026-07-19 16:20:26.506 [info] > git ls-files --stage -- src/expander.rs [3ms]
2026-07-19 16:20:26.516 [info] > git cat-file -s 0ef4a8f246e3c462e5834d6c22c862f9c2f34a5b [2ms]
2026-07-19 16:20:26.949 [info] > git blame --root --incremental fbe737180824af66d9a3a7409c62470eacb68f32 -- src/expander.rs [17ms]
2026-07-19 16:20:36.936 [info] > git check-ignore -v -z --stdin [3ms]
2026-07-19 16:20:36.965 [info] > git show --textconv :src/editor.rs [13ms]
2026-07-19 16:20:36.969 [info] > git ls-files --stage -- src/editor.rs [5ms]
2026-07-19 16:20:36.984 [info] > git cat-file -s d84307ba01fe4c49362883d1e6e21defa0064353 [4ms]
2026-07-19 16:20:37.584 [info] > git blame --root --incremental fbe737180824af66d9a3a7409c62470eacb68f32 -- src/editor.rs [17ms]
2026-07-19 16:20:38.921 [info] > git config --get commit.template [16ms]
2026-07-19 16:20:38.923 [info] > git for-each-ref --format=%(refname)%00%(upstream:short)%00%(objectname)%00%(upstream:track)%00%(upstream:remotename)%00%(upstream:remoteref) refs/heads/main refs/remotes/main [4ms]
2026-07-19 16:20:38.948 [info] > git status -z -uall [14ms]
2026-07-19 16:20:38.951 [info] > git for-each-ref --sort -committerdate --format %(refname)%00%(objectname)%00%(*objectname) [4ms]
2026-07-19 16:21:44.268 [info] > git check-ignore -v -z --stdin [3ms]
2026-07-19 16:21:44.282 [info] > git show --textconv :src/jobs.rs [7ms]
2026-07-19 16:21:44.283 [info] > git ls-files --stage -- src/jobs.rs [2ms]
2026-07-19 16:21:44.290 [info] > git cat-file -s 44bab6a4cfe8ce4cb98eef444b566b0f1b64ecd4 [2ms]
2026-07-19 16:21:44.837 [info] > git check-ignore -v -z --stdin [1ms]
2026-07-19 16:21:44.846 [info] > git show --textconv :src/editor.rs [4ms]
2026-07-19 16:21:44.847 [info] > git ls-files --stage -- src/editor.rs [1ms]
2026-07-19 16:21:44.851 [info] > git cat-file -s d84307ba01fe4c49362883d1e6e21defa0064353 [1ms]
2026-07-19 16:21:45.112 [info] > git check-ignore -v -z --stdin [5ms]
2026-07-19 16:21:45.141 [info] > git show --textconv :src/expander.rs [13ms]
2026-07-19 16:21:45.144 [info] > git ls-files --stage -- src/expander.rs [4ms]
2026-07-19 16:21:45.159 [info] > git cat-file -s 0ef4a8f246e3c462e5834d6c22c862f9c2f34a5b [3ms]
2026-07-19 16:22:14.421 [info] > git check-ignore -v -z --stdin [1ms]
2026-07-19 16:22:14.432 [info] > git show --textconv :src/expander.rs [5ms]
2026-07-19 16:22:14.433 [info] > git ls-files --stage -- src/expander.rs [1ms]
2026-07-19 16:22:14.437 [info] > git cat-file -s 0ef4a8f246e3c462e5834d6c22c862f9c2f34a5b [0ms]
2026-07-19 16:23:19.673 [info] > git check-ignore -v -z --stdin [3ms]
2026-07-19 16:23:19.685 [info] > git show --textconv :src/expander.rs [4ms]
2026-07-19 16:23:19.685 [info] > git ls-files --stage -- src/expander.rs [0ms]
2026-07-19 16:23:19.689 [info] > git cat-file -s 0ef4a8f246e3c462e5834d6c22c862f9c2f34a5b [1ms]
2026-07-19 16:25:07.308 [info] > git check-ignore -v -z --stdin [3ms]
2026-07-19 16:25:07.842 [info] > git check-ignore -v -z --stdin [4ms]
