2026-07-19 16:10:49.658 [info] Extension host with pid 22615 started
2026-07-19 16:10:49.708 [info] ExtensionService#_doActivateExtension vscode.github-authentication, startup: false, activationEvent: 'onAuthenticationRequest:github'
2026-07-19 16:10:49.732 [info] ExtensionService#_doActivateExtension vscode.emmet, startup: false, activationEvent: 'onLanguage'
2026-07-19 16:10:49.784 [info] ExtensionService#_doActivateExtension vscode.git-base, startup: true, activationEvent: '*', root cause: vscode.git
2026-07-19 16:10:49.806 [info] ExtensionService#_doActivateExtension vscode.git, startup: true, activationEvent: '*'
2026-07-19 16:10:49.858 [info] ExtensionService#_doActivateExtension vscode.github, startup: true, activationEvent: '*'
2026-07-19 16:10:50.012 [info] Eager extensions activated
2026-07-19 16:10:50.047 [info] ExtensionService#_doActivateExtension vscode.debug-auto-launch, startup: false, activationEvent: 'onStartupFinished'
2026-07-19 16:10:50.049 [info] ExtensionService#_doActivateExtension vscode.merge-conflict, startup: false, activationEvent: 'onStartupFinished'
2026-07-19 16:11:21.045 [info] ExtensionService#_doActivateExtension vscode.configuration-editing, startup: false, activationEvent: 'onLanguage:jsonc'
2026-07-19 16:11:21.052 [info] ExtensionService#_doActivateExtension vscode.json-language-features, startup: false, activationEvent: 'onLanguage:jsonc'
2026-07-19 16:11:21.110 [info] ExtensionService#_doActivateExtension vscode.typescript-language-features, startup: false, activationEvent: 'onLanguage:jsonc'
2026-07-19 16:15:08.445 [info] Extension host terminating: received terminate message from renderer
2026-07-19 16:15:08.473 [info] Extension host with pid 22615 exiting with code 0
2026-07-19 16:15:09.683 [info] Extension host with pid 24277 started
2026-07-19 16:15:09.683 [info] Skipping acquiring lock for /home/shxqow/.config/Code/User/workspaceStorage/d3233d3a825a6a43ab34f429d35b3ef4.
2026-07-19 16:15:09.722 [info] ExtensionService#_doActivateExtension vscode.github-authentication, startup: false, activationEvent: 'onAuthenticationRequest:github'
2026-07-19 16:15:09.741 [info] ExtensionService#_doActivateExtension vscode.emmet, startup: false, activationEvent: 'onLanguage'
2026-07-19 16:15:09.785 [info] ExtensionService#_doActivateExtension vscode.git-base, startup: true, activationEvent: '*'
2026-07-19 16:15:09.795 [info] ExtensionService#_doActivateExtension vscode.github, startup: true, activationEvent: '*'
2026-07-19 16:15:09.829 [info] Eager extensions activated
2026-07-19 16:15:09.832 [info] ExtensionService#_doActivateExtension vscode.debug-auto-launch, startup: false, activationEvent: 'onStartupFinished'
2026-07-19 16:15:09.834 [info] ExtensionService#_doActivateExtension vscode.merge-conflict, startup: false, activationEvent: 'onStartupFinished'
2026-07-19 16:15:30.572 [info] ExtensionService#_doActivateExtension vscode.git, startup: false, activationEvent: 'api', root cause: vscode.github
2026-07-19 16:17:08.542 [info] ExtensionService#_doActivateExtension vscode.configuration-editing, startup: false, activationEvent: 'onLanguage:jsonc'
2026-07-19 16:17:08.553 [info] ExtensionService#_doActivateExtension vscode.json-language-features, startup: false, activationEvent: 'onLanguage:jsonc'
2026-07-19 16:17:08.607 [info] ExtensionService#_doActivateExtension vscode.typescript-language-features, startup: false, activationEvent: 'onLanguage:jsonc'
2026-07-19 16:23:14.247 [info] ExtensionService#_doActivateExtension PKief.material-icon-theme, startup: false, activationEvent: 'onStartupFinished'
2026-07-19 16:26:09.212 [info] Extension host terminating: received terminate message from renderer
2026-07-19 16:26:09.236 [info] Extension host with pid 24277 exiting with code 0
