2026-07-19 16:54:09.782 [info] [main] Log level: Info
2026-07-19 16:54:09.782 [info] [main] Validating found git in: "git"
2026-07-19 16:54:09.782 [info] [main] Using git "2.55.0" from "git"
2026-07-19 16:54:09.782 [info] [Model][doInitialScan] Initial repository scan started
2026-07-19 16:54:09.782 [info] > git rev-parse --show-toplevel [13ms]
2026-07-19 16:54:09.787 [info] > git rev-parse --git-dir --git-common-dir --show-superproject-working-tree [1ms]
2026-07-19 16:54:10.189 [info] [Model][openRepository] Opened repository (path): /home/shxqow/Documents/Projects/Linux
2026-07-19 16:54:10.190 [info] [Model][openRepository] Opened repository (real path): /home/shxqow/Documents/Projects/Linux
2026-07-19 16:54:10.190 [info] [Model][openRepository] Opened repository (kind): repository
2026-07-19 16:54:10.215 [info] > git config --get --local core.virtualfilesystem [20ms]
2026-07-19 16:54:10.215 [warning] [Git][config] git config failed: Failed to execute git
2026-07-19 16:54:10.222 [info] > git config --get commit.template [11ms]
2026-07-19 16:54:10.222 [info] > git rev-parse --show-toplevel [8ms]
2026-07-19 16:54:10.232 [info] > git for-each-ref --format=%(refname)%00%(upstream:short)%00%(objectname)%00%(upstream:track)%00%(upstream:remotename)%00%(upstream:remoteref) refs/heads/main refs/remotes/main [6ms]
2026-07-19 16:54:10.233 [info] > git rev-parse --show-toplevel [3ms]
2026-07-19 16:54:10.501 [info] > git rev-parse --show-toplevel [265ms]
2026-07-19 16:54:10.534 [info] > git for-each-ref --sort -committerdate --format %(refname)%00%(objectname)%00%(*objectname) [287ms]
2026-07-19 16:54:10.537 [info] > git rev-parse --show-toplevel [10ms]
2026-07-19 16:54:10.548 [info] > git rev-parse --show-toplevel [8ms]
2026-07-19 16:54:10.548 [info] [Model][doInitialScan] Initial repository scan completed - repositories (1), closed repositories (0), parent repositories (0), unsafe repositories (0)
2026-07-19 16:54:10.674 [info] > git status -z -uall [433ms] (cancelled)
2026-07-19 16:54:10.679 [info] > git config --get commit.template [12ms]
2026-07-19 16:54:10.679 [info] > git for-each-ref --format=%(refname)%00%(upstream:short)%00%(objectname)%00%(upstream:track)%00%(upstream:remotename)%00%(upstream:remoteref) refs/heads/main refs/remotes/main [27ms]
2026-07-19 16:54:10.697 [info] > git config --get --local branch.main.vscode-merge-base [13ms]
2026-07-19 16:54:11.360 [info] > git for-each-ref --format=%(refname)%00%(upstream:short)%00%(objectname)%00%(upstream:track)%00%(upstream:remotename)%00%(upstream:remoteref) refs/heads/main refs/remotes/main [668ms]
2026-07-19 16:54:11.368 [info] > git for-each-ref --format=%(refname)%00%(upstream:short)%00%(objectname)%00%(upstream:track)%00%(upstream:remotename)%00%(upstream:remoteref) refs/heads/origin/main refs/remotes/origin/main [667ms]
2026-07-19 16:54:11.389 [info] > git merge-base refs/heads/main refs/remotes/origin/main [12ms]
2026-07-19 16:54:11.396 [info] > git for-each-ref --sort -committerdate --format %(refname)%00%(objectname)%00%(*objectname) [8ms]
2026-07-19 16:54:11.398 [info] > git diff --raw --numstat --diff-filter=ADMR -z --find-renames=50% f3e4bc3d23228efe54f0dfbd5adec17392caa1ce...refs/remotes/origin/main -- [3ms]
2026-07-19 16:54:11.711 [info] > git check-ignore -v -z --stdin [347ms]
2026-07-19 16:54:11.711 [info] > git status -z -uall [329ms] (cancelled)
2026-07-19 16:54:20.869 [info] > git check-ignore -v -z --stdin [79ms]
2026-07-19 16:54:21.451 [info] > git check-ignore -v -z --stdin [66ms]
