2026-07-19 16:10:49.789 [info] Reading sessions from keychain...
2026-07-19 16:10:49.789 [info] Getting sessions for all scopes...
2026-07-19 16:10:49.789 [info] Got 0 sessions for ...
2026-07-19 16:10:49.789 [info] Getting sessions for all scopes...
2026-07-19 16:10:49.789 [info] Got 0 sessions for ...
2026-07-19 16:10:49.789 [info] Getting sessions for all scopes...
2026-07-19 16:10:49.789 [info] Got 0 sessions for ...
2026-07-19 16:10:49.801 [info] Getting sessions for all scopes...
2026-07-19 16:10:49.801 [info] Got 0 sessions for ...
2026-07-19 16:10:51.487 [info] Getting sessions for all scopes...
2026-07-19 16:10:51.487 [info] Got 0 sessions for ...
2026-07-19 16:15:09.787 [info] Reading sessions from keychain...
2026-07-19 16:15:09.788 [info] Getting sessions for all scopes...
2026-07-19 16:15:09.788 [info] Got 0 sessions for ...
2026-07-19 16:15:09.788 [info] Getting sessions for all scopes...
2026-07-19 16:15:09.788 [info] Got 0 sessions for ...
2026-07-19 16:15:09.788 [info] Getting sessions for all scopes...
2026-07-19 16:15:09.788 [info] Got 0 sessions for ...
2026-07-19 16:15:09.789 [info] Getting sessions for all scopes...
2026-07-19 16:15:09.789 [info] Got 0 sessions for ...
2026-07-19 16:15:11.713 [info] Getting sessions for all scopes...
2026-07-19 16:15:11.713 [info] Got 0 sessions for ...
2026-07-19 16:15:30.748 [info] Getting sessions for read:user,repo,user:email,workflow...
2026-07-19 16:15:30.748 [info] Got 0 sessions for read:user,repo,user:email,workflow...
