2026-07-19 16:26:11.122 [info] Marked extension as removed dionannd.tokyo-night-ported-nvim-0.2.4
2026-07-19 16:26:11.122 [info] Marked extension as removed huynhduong.nvtokyo-theme-0.0.2
2026-07-19 16:26:11.145 [info] Deleted marked for removal extension from disk dionannd.tokyo-night-ported-nvim /home/shxqow/.vscode/extensions/dionannd.tokyo-night-ported-nvim-0.2.4
2026-07-19 16:26:11.146 [info] Deleted marked for removal extension from disk huynhduong.nvtokyo-theme /home/shxqow/.vscode/extensions/huynhduong.nvtokyo-theme-0.0.2
2026-07-19 16:28:35.256 [info] Getting Manifest... ms-vscode-remote.remote-containers
2026-07-19 16:28:37.459 [info] Installing extension: ms-vscode-remote.remote-containers {"isMachineScoped":false,"installPreReleaseVersion":false,"pinned":false,"profileLocation":{"$mid":1,"external":"vscode-userdata:/home/shxqow/.vscode/extensions/extensions.json","path":"/home/shxqow/.vscode/extensions/extensions.json","scheme":"vscode-userdata"},"isBuiltin":false,"isApplicationScoped":false,"productVersion":{"version":"1.129.1","date":"2026-07-17T15:35:09Z"}}
2026-07-19 16:28:43.096 [info] Getting Manifest... rust-lang.rust-analyzer
2026-07-19 16:28:44.295 [info] Installing extension: rust-lang.rust-analyzer {"isMachineScoped":false,"installPreReleaseVersion":false,"pinned":false,"profileLocation":{"$mid":1,"external":"vscode-userdata:/home/shxqow/.vscode/extensions/extensions.json","path":"/home/shxqow/.vscode/extensions/extensions.json","scheme":"vscode-userdata"},"isBuiltin":false,"isApplicationScoped":false,"productVersion":{"version":"1.129.1","date":"2026-07-17T15:35:09Z"}}
2026-07-19 16:28:48.962 [info] Extension signature verification result for ms-vscode-remote.remote-containers: Success. Internal Code: 0. Executed: true. Duration: 1304ms.
2026-07-19 16:28:49.055 [info] Extracted extension to file:///home/shxqow/.vscode/extensions/ms-vscode-remote.remote-containers-0.466.0: ms-vscode-remote.remote-containers
2026-07-19 16:28:49.066 [info] Renamed to /home/shxqow/.vscode/extensions/ms-vscode-remote.remote-containers-0.466.0
2026-07-19 16:28:49.077 [info] Extension installed successfully: ms-vscode-remote.remote-containers vscode-userdata:/home/shxqow/.vscode/extensions/extensions.json
2026-07-19 16:29:08.349 [info] Extension signature verification result for rust-lang.rust-analyzer: Success. Internal Code: 0. Executed: true. Duration: 622ms.
2026-07-19 16:29:08.553 [info] Extracted extension to file:///home/shxqow/.vscode/extensions/rust-lang.rust-analyzer-0.3.2971-linux-x64: rust-lang.rust-analyzer
2026-07-19 16:29:08.565 [info] Renamed to /home/shxqow/.vscode/extensions/rust-lang.rust-analyzer-0.3.2971-linux-x64
2026-07-19 16:29:08.580 [info] Extension installed successfully: rust-lang.rust-analyzer vscode-userdata:/home/shxqow/.vscode/extensions/extensions.json
2026-07-19 16:29:14.957 [info] Getting Manifest... ms-python.python
2026-07-19 16:29:16.730 [info] Installing extension: ms-python.python {"isMachineScoped":false,"installPreReleaseVersion":false,"pinned":false,"profileLocation":{"$mid":1,"external":"vscode-userdata:/home/shxqow/.vscode/extensions/extensions.json","path":"/home/shxqow/.vscode/extensions/extensions.json","scheme":"vscode-userdata"},"isBuiltin":false,"isApplicationScoped":false,"productVersion":{"version":"1.129.1","date":"2026-07-17T15:35:09Z"}}
2026-07-19 16:29:17.223 [info] Getting Manifest... ms-python.debugpy
2026-07-19 16:29:17.354 [info] Getting Manifest... ms-python.vscode-python-envs
2026-07-19 16:29:17.488 [info] Getting Manifest... ms-python.vscode-pylance
2026-07-19 16:29:17.624 [info] Installing extension: ms-python.debugpy {"isMachineScoped":false,"installPreReleaseVersion":false,"pinned":false,"profileLocation":{"$mid":1,"external":"vscode-userdata:/home/shxqow/.vscode/extensions/extensions.json","path":"/home/shxqow/.vscode/extensions/extensions.json","scheme":"vscode-userdata"},"isBuiltin":false,"isApplicationScoped":false,"productVersion":{"version":"1.129.1","date":"2026-07-17T15:35:09Z"},"installGivenVersion":false,"context":{"dependecyOrPackExtensionInstall":true}}
2026-07-19 16:29:17.624 [info] Installing extension: ms-python.vscode-python-envs {"isMachineScoped":false,"installPreReleaseVersion":false,"pinned":false,"profileLocation":{"$mid":1,"external":"vscode-userdata:/home/shxqow/.vscode/extensions/extensions.json","path":"/home/shxqow/.vscode/extensions/extensions.json","scheme":"vscode-userdata"},"isBuiltin":false,"isApplicationScoped":false,"productVersion":{"version":"1.129.1","date":"2026-07-17T15:35:09Z"},"installGivenVersion":false,"context":{"dependecyOrPackExtensionInstall":true}}
2026-07-19 16:29:17.624 [info] Installing extension: ms-python.vscode-pylance {"isMachineScoped":false,"installPreReleaseVersion":false,"pinned":false,"profileLocation":{"$mid":1,"external":"vscode-userdata:/home/shxqow/.vscode/extensions/extensions.json","path":"/home/shxqow/.vscode/extensions/extensions.json","scheme":"vscode-userdata"},"isBuiltin":false,"isApplicationScoped":false,"productVersion":{"version":"1.129.1","date":"2026-07-17T15:35:09Z"},"installGivenVersion":false,"context":{"dependecyOrPackExtensionInstall":true}}
2026-07-19 16:29:40.250 [info] Getting Manifest... redhat.vscode-yaml
2026-07-19 16:29:42.282 [info] Installing extension: redhat.vscode-yaml {"isMachineScoped":false,"installPreReleaseVersion":false,"pinned":false,"profileLocation":{"$mid":1,"external":"vscode-userdata:/home/shxqow/.vscode/extensions/extensions.json","path":"/home/shxqow/.vscode/extensions/extensions.json","scheme":"vscode-userdata"},"isBuiltin":false,"isApplicationScoped":false,"productVersion":{"version":"1.129.1","date":"2026-07-17T15:35:09Z"}}
2026-07-19 16:29:48.167 [info] Extension signature verification result for redhat.vscode-yaml: Success. Internal Code: 0. Executed: true. Duration: 630ms.
2026-07-19 16:29:48.207 [info] Extracted extension to file:///home/shxqow/.vscode/extensions/redhat.vscode-yaml-1.24.0: redhat.vscode-yaml
2026-07-19 16:29:48.213 [info] Renamed to /home/shxqow/.vscode/extensions/redhat.vscode-yaml-1.24.0
2026-07-19 16:29:48.228 [info] Extension installed successfully: redhat.vscode-yaml vscode-userdata:/home/shxqow/.vscode/extensions/extensions.json
2026-07-19 16:30:02.429 [info] Extension signature verification result for ms-python.debugpy: Success. Internal Code: 0. Executed: true. Duration: 644ms.
2026-07-19 16:30:02.446 [info] Extension signature verification result for ms-python.python: Success. Internal Code: 0. Executed: true. Duration: 670ms.
2026-07-19 16:30:02.933 [info] Extracted extension to file:///home/shxqow/.vscode/extensions/ms-python.debugpy-2026.6.0-linux-x64: ms-python.debugpy
2026-07-19 16:30:03.018 [info] Renamed to /home/shxqow/.vscode/extensions/ms-python.debugpy-2026.6.0-linux-x64
2026-07-19 16:30:03.689 [info] Extracted extension to file:///home/shxqow/.vscode/extensions/ms-python.python-2026.4.0-linux-x64: ms-python.python
2026-07-19 16:30:04.203 [info] Renamed to /home/shxqow/.vscode/extensions/ms-python.python-2026.4.0-linux-x64
2026-07-19 16:30:05.106 [info] Extension signature verification result for ms-python.vscode-python-envs: Success. Internal Code: 0. Executed: true. Duration: 625ms.
2026-07-19 16:30:05.308 [info] Extracted extension to file:///home/shxqow/.vscode/extensions/ms-python.vscode-python-envs-1.36.0-linux-x64: ms-python.vscode-python-envs
2026-07-19 16:30:05.322 [info] Renamed to /home/shxqow/.vscode/extensions/ms-python.vscode-python-envs-1.36.0-linux-x64
2026-07-19 16:30:17.709 [info] Extension signature verification result for ms-python.vscode-pylance: Success. Internal Code: 0. Executed: true. Duration: 740ms.
2026-07-19 16:30:20.525 [info] Extracted extension to file:///home/shxqow/.vscode/extensions/ms-python.vscode-pylance-2026.2.1: ms-python.vscode-pylance
2026-07-19 16:30:20.669 [info] Renamed to /home/shxqow/.vscode/extensions/ms-python.vscode-pylance-2026.2.1
2026-07-19 16:30:20.810 [info] Extension installed successfully: ms-python.debugpy vscode-userdata:/home/shxqow/.vscode/extensions/extensions.json
2026-07-19 16:30:20.810 [info] Extension installed successfully: ms-python.python vscode-userdata:/home/shxqow/.vscode/extensions/extensions.json
2026-07-19 16:30:20.810 [info] Extension installed successfully: ms-python.vscode-python-envs vscode-userdata:/home/shxqow/.vscode/extensions/extensions.json
2026-07-19 16:30:20.810 [info] Extension installed successfully: ms-python.vscode-pylance vscode-userdata:/home/shxqow/.vscode/extensions/extensions.json
2026-07-19 16:30:52.161 [info] Getting Manifest... llvm-vs-code-extensions.vscode-clangd
2026-07-19 16:30:53.879 [info] Installing extension: llvm-vs-code-extensions.vscode-clangd {"isMachineScoped":false,"installPreReleaseVersion":false,"pinned":false,"profileLocation":{"$mid":1,"external":"vscode-userdata:/home/shxqow/.vscode/extensions/extensions.json","path":"/home/shxqow/.vscode/extensions/extensions.json","scheme":"vscode-userdata"},"isBuiltin":false,"isApplicationScoped":false,"productVersion":{"version":"1.129.1","date":"2026-07-17T15:35:09Z"}}
2026-07-19 16:30:56.324 [info] Extension signature verification result for llvm-vs-code-extensions.vscode-clangd: Success. Internal Code: 0. Executed: true. Duration: 638ms.
2026-07-19 16:30:56.343 [info] Extracted extension to file:///home/shxqow/.vscode/extensions/llvm-vs-code-extensions.vscode-clangd-0.6.0: llvm-vs-code-extensions.vscode-clangd
2026-07-19 16:30:56.349 [info] Renamed to /home/shxqow/.vscode/extensions/llvm-vs-code-extensions.vscode-clangd-0.6.0
2026-07-19 16:30:56.364 [info] Extension installed successfully: llvm-vs-code-extensions.vscode-clangd vscode-userdata:/home/shxqow/.vscode/extensions/extensions.json
2026-07-19 16:31:21.721 [info] Getting Manifest... twxs.cmake
2026-07-19 16:31:22.680 [info] Installing extension: twxs.cmake {"isMachineScoped":false,"installPreReleaseVersion":false,"pinned":false,"profileLocation":{"$mid":1,"external":"vscode-userdata:/home/shxqow/.vscode/extensions/extensions.json","path":"/home/shxqow/.vscode/extensions/extensions.json","scheme":"vscode-userdata"},"isBuiltin":false,"isApplicationScoped":false,"productVersion":{"version":"1.129.1","date":"2026-07-17T15:35:09Z"}}
2026-07-19 16:31:37.995 [info] Extension signature verification result for twxs.cmake: Success. Internal Code: 0. Executed: true. Duration: 612ms.
2026-07-19 16:31:38.074 [info] Extracted extension to file:///home/shxqow/.vscode/extensions/twxs.cmake-0.0.17: twxs.cmake
2026-07-19 16:31:38.080 [info] Renamed to /home/shxqow/.vscode/extensions/twxs.cmake-0.0.17
2026-07-19 16:31:38.095 [info] Extension installed successfully: twxs.cmake vscode-userdata:/home/shxqow/.vscode/extensions/extensions.json
2026-07-19 16:32:06.808 [info] Getting Manifest... bradlc.vscode-tailwindcss
2026-07-19 16:32:09.515 [info] Installing extension: bradlc.vscode-tailwindcss {"isMachineScoped":false,"installPreReleaseVersion":false,"pinned":false,"profileLocation":{"$mid":1,"external":"vscode-userdata:/home/shxqow/.vscode/extensions/extensions.json","path":"/home/shxqow/.vscode/extensions/extensions.json","scheme":"vscode-userdata"},"isBuiltin":false,"isApplicationScoped":false,"productVersion":{"version":"1.129.1","date":"2026-07-17T15:35:09Z"}}
2026-07-19 16:32:12.307 [info] Extension signature verification result for bradlc.vscode-tailwindcss: Success. Internal Code: 0. Executed: true. Duration: 626ms.
2026-07-19 16:32:12.355 [info] Extracted extension to file:///home/shxqow/.vscode/extensions/bradlc.vscode-tailwindcss-0.16.0: bradlc.vscode-tailwindcss
2026-07-19 16:32:12.402 [info] Renamed to /home/shxqow/.vscode/extensions/bradlc.vscode-tailwindcss-0.16.0
2026-07-19 16:32:12.461 [info] Extension installed successfully: bradlc.vscode-tailwindcss vscode-userdata:/home/shxqow/.vscode/extensions/extensions.json
2026-07-19 16:32:17.362 [info] Getting Manifest... mikestead.dotenv
2026-07-19 16:32:19.346 [info] Installing extension: mikestead.dotenv {"isMachineScoped":false,"installPreReleaseVersion":false,"pinned":false,"profileLocation":{"$mid":1,"external":"vscode-userdata:/home/shxqow/.vscode/extensions/extensions.json","path":"/home/shxqow/.vscode/extensions/extensions.json","scheme":"vscode-userdata"},"isBuiltin":false,"isApplicationScoped":false,"productVersion":{"version":"1.129.1","date":"2026-07-17T15:35:09Z"}}
2026-07-19 16:32:21.401 [info] Extension signature verification result for mikestead.dotenv: Success. Internal Code: 0. Executed: true. Duration: 881ms.
2026-07-19 16:32:21.410 [info] Extracted extension to file:///home/shxqow/.vscode/extensions/mikestead.dotenv-1.0.1: mikestead.dotenv
2026-07-19 16:32:21.716 [info] Renamed to /home/shxqow/.vscode/extensions/mikestead.dotenv-1.0.1
2026-07-19 16:32:21.767 [info] Extension installed successfully: mikestead.dotenv vscode-userdata:/home/shxqow/.vscode/extensions/extensions.json
2026-07-19 16:32:27.987 [info] Getting Manifest... kisstkondoros.vscode-gutter-preview
2026-07-19 16:32:29.327 [info] Installing extension: kisstkondoros.vscode-gutter-preview {"isMachineScoped":false,"installPreReleaseVersion":false,"pinned":false,"profileLocation":{"$mid":1,"external":"vscode-userdata:/home/shxqow/.vscode/extensions/extensions.json","path":"/home/shxqow/.vscode/extensions/extensions.json","scheme":"vscode-userdata"},"isBuiltin":false,"isApplicationScoped":false,"productVersion":{"version":"1.129.1","date":"2026-07-17T15:35:09Z"}}
2026-07-19 16:32:35.366 [info] Extension signature verification result for kisstkondoros.vscode-gutter-preview: Success. Internal Code: 0. Executed: true. Duration: 648ms.
2026-07-19 16:32:35.380 [info] Extracted extension to file:///home/shxqow/.vscode/extensions/kisstkondoros.vscode-gutter-preview-0.32.2: kisstkondoros.vscode-gutter-preview
2026-07-19 16:32:35.383 [info] Renamed to /home/shxqow/.vscode/extensions/kisstkondoros.vscode-gutter-preview-0.32.2
2026-07-19 16:32:35.398 [info] Extension installed successfully: kisstkondoros.vscode-gutter-preview vscode-userdata:/home/shxqow/.vscode/extensions/extensions.json
2026-07-19 16:32:37.467 [info] Getting Manifest... aaron-bond.better-comments
2026-07-19 16:32:39.254 [info] Installing extension: aaron-bond.better-comments {"isMachineScoped":false,"installPreReleaseVersion":false,"pinned":false,"profileLocation":{"$mid":1,"external":"vscode-userdata:/home/shxqow/.vscode/extensions/extensions.json","path":"/home/shxqow/.vscode/extensions/extensions.json","scheme":"vscode-userdata"},"isBuiltin":false,"isApplicationScoped":false,"productVersion":{"version":"1.129.1","date":"2026-07-17T15:35:09Z"}}
2026-07-19 16:32:41.207 [info] Extension signature verification result for aaron-bond.better-comments: Success. Internal Code: 0. Executed: true. Duration: 681ms.
2026-07-19 16:32:41.224 [info] Extracted extension to file:///home/shxqow/.vscode/extensions/aaron-bond.better-comments-3.0.2: aaron-bond.better-comments
2026-07-19 16:32:41.235 [info] Renamed to /home/shxqow/.vscode/extensions/aaron-bond.better-comments-3.0.2
2026-07-19 16:32:41.253 [info] Extension installed successfully: aaron-bond.better-comments vscode-userdata:/home/shxqow/.vscode/extensions/extensions.json
2026-07-19 16:32:56.644 [info] Getting Manifest... usernamehw.errorlens
2026-07-19 16:32:57.633 [info] Installing extension: usernamehw.errorlens {"isMachineScoped":false,"installPreReleaseVersion":false,"pinned":false,"profileLocation":{"$mid":1,"external":"vscode-userdata:/home/shxqow/.vscode/extensions/extensions.json","path":"/home/shxqow/.vscode/extensions/extensions.json","scheme":"vscode-userdata"},"isBuiltin":false,"isApplicationScoped":false,"productVersion":{"version":"1.129.1","date":"2026-07-17T15:35:09Z"}}
2026-07-19 16:32:58.763 [info] Extension signature verification result for usernamehw.errorlens: Success. Internal Code: 0. Executed: true. Duration: 577ms.
2026-07-19 16:32:58.781 [info] Extracted extension to file:///home/shxqow/.vscode/extensions/usernamehw.errorlens-3.28.0: usernamehw.errorlens
2026-07-19 16:32:58.791 [info] Renamed to /home/shxqow/.vscode/extensions/usernamehw.errorlens-3.28.0
2026-07-19 16:32:58.806 [info] Extension installed successfully: usernamehw.errorlens vscode-userdata:/home/shxqow/.vscode/extensions/extensions.json
2026-07-19 16:33:07.312 [info] Getting Manifest... dbaeumer.vscode-eslint
2026-07-19 16:33:08.549 [info] Installing extension: dbaeumer.vscode-eslint {"isMachineScoped":false,"installPreReleaseVersion":false,"pinned":false,"profileLocation":{"$mid":1,"external":"vscode-userdata:/home/shxqow/.vscode/extensions/extensions.json","path":"/home/shxqow/.vscode/extensions/extensions.json","scheme":"vscode-userdata"},"isBuiltin":false,"isApplicationScoped":false,"productVersion":{"version":"1.129.1","date":"2026-07-17T15:35:09Z"}}
2026-07-19 16:33:10.081 [info] Extension signature verification result for dbaeumer.vscode-eslint: Success. Internal Code: 0. Executed: true. Duration: 587ms.
2026-07-19 16:33:10.094 [info] Extracted extension to file:///home/shxqow/.vscode/extensions/dbaeumer.vscode-eslint-3.0.34: dbaeumer.vscode-eslint
2026-07-19 16:33:10.108 [info] Renamed to /home/shxqow/.vscode/extensions/dbaeumer.vscode-eslint-3.0.34
2026-07-19 16:33:10.123 [info] Extension installed successfully: dbaeumer.vscode-eslint vscode-userdata:/home/shxqow/.vscode/extensions/extensions.json
2026-07-19 16:33:40.937 [info] Getting Manifest... zignd.html-css-class-completion
2026-07-19 16:33:41.857 [info] Installing extension: zignd.html-css-class-completion {"isMachineScoped":false,"installPreReleaseVersion":false,"pinned":false,"profileLocation":{"$mid":1,"external":"vscode-userdata:/home/shxqow/.vscode/extensions/extensions.json","path":"/home/shxqow/.vscode/extensions/extensions.json","scheme":"vscode-userdata"},"isBuiltin":false,"isApplicationScoped":false,"productVersion":{"version":"1.129.1","date":"2026-07-17T15:35:09Z"}}
2026-07-19 16:33:49.113 [info] Getting Manifest... formulahendry.auto-rename-tag
2026-07-19 16:33:49.722 [info] Installing extension: formulahendry.auto-rename-tag {"isMachineScoped":false,"installPreReleaseVersion":false,"pinned":false,"profileLocation":{"$mid":1,"external":"vscode-userdata:/home/shxqow/.vscode/extensions/extensions.json","path":"/home/shxqow/.vscode/extensions/extensions.json","scheme":"vscode-userdata"},"isBuiltin":false,"isApplicationScoped":false,"productVersion":{"version":"1.129.1","date":"2026-07-17T15:35:09Z"}}
2026-07-19 16:33:50.108 [info] Extension signature verification result for zignd.html-css-class-completion: Success. Internal Code: 0. Executed: true. Duration: 614ms.
2026-07-19 16:33:51.229 [info] Extracted extension to file:///home/shxqow/.vscode/extensions/zignd.html-css-class-completion-1.20.0: zignd.html-css-class-completion
2026-07-19 16:33:51.266 [info] Renamed to /home/shxqow/.vscode/extensions/zignd.html-css-class-completion-1.20.0
2026-07-19 16:33:51.289 [info] Extension signature verification result for formulahendry.auto-rename-tag: Success. Internal Code: 0. Executed: true. Duration: 646ms.
2026-07-19 16:33:51.289 [info] Extension installed successfully: zignd.html-css-class-completion vscode-userdata:/home/shxqow/.vscode/extensions/extensions.json
2026-07-19 16:33:51.456 [info] Extracted extension to file:///home/shxqow/.vscode/extensions/formulahendry.auto-rename-tag-0.1.10: formulahendry.auto-rename-tag
2026-07-19 16:33:51.468 [info] Renamed to /home/shxqow/.vscode/extensions/formulahendry.auto-rename-tag-0.1.10
2026-07-19 16:33:51.491 [info] Extension installed successfully: formulahendry.auto-rename-tag vscode-userdata:/home/shxqow/.vscode/extensions/extensions.json
2026-07-19 16:34:39.771 [info] Getting Manifest... tamasfe.even-better-toml
2026-07-19 16:34:40.458 [info] Installing extension: tamasfe.even-better-toml {"isMachineScoped":false,"installPreReleaseVersion":false,"pinned":false,"profileLocation":{"$mid":1,"external":"vscode-userdata:/home/shxqow/.vscode/extensions/extensions.json","path":"/home/shxqow/.vscode/extensions/extensions.json","scheme":"vscode-userdata"},"isBuiltin":false,"isApplicationScoped":false,"productVersion":{"version":"1.129.1","date":"2026-07-17T15:35:09Z"}}
2026-07-19 16:34:47.748 [info] Extension signature verification result for tamasfe.even-better-toml: Success. Internal Code: 0. Executed: true. Duration: 607ms.
2026-07-19 16:34:48.082 [info] Extracted extension to file:///home/shxqow/.vscode/extensions/tamasfe.even-better-toml-0.21.2: tamasfe.even-better-toml
2026-07-19 16:34:48.089 [info] Renamed to /home/shxqow/.vscode/extensions/tamasfe.even-better-toml-0.21.2
2026-07-19 16:34:48.109 [info] Extension installed successfully: tamasfe.even-better-toml vscode-userdata:/home/shxqow/.vscode/extensions/extensions.json
2026-07-19 16:40:14.558 [info] Getting Manifest... timonwong.shellcheck
2026-07-19 16:40:15.373 [info] Installing extension: timonwong.shellcheck {"isMachineScoped":false,"installPreReleaseVersion":false,"pinned":false,"profileLocation":{"$mid":1,"external":"vscode-userdata:/home/shxqow/.vscode/extensions/extensions.json","path":"/home/shxqow/.vscode/extensions/extensions.json","scheme":"vscode-userdata"},"isBuiltin":false,"isApplicationScoped":false,"productVersion":{"version":"1.129.1","date":"2026-07-17T15:35:09Z"}}
2026-07-19 16:40:18.211 [info] Extension signature verification result for timonwong.shellcheck: Success. Internal Code: 0. Executed: true. Duration: 649ms.
2026-07-19 16:40:18.292 [info] Extracted extension to file:///home/shxqow/.vscode/extensions/timonwong.shellcheck-0.39.5-linux-x64: timonwong.shellcheck
2026-07-19 16:40:18.303 [info] Renamed to /home/shxqow/.vscode/extensions/timonwong.shellcheck-0.39.5-linux-x64
2026-07-19 16:40:18.353 [info] Extension installed successfully: timonwong.shellcheck vscode-userdata:/home/shxqow/.vscode/extensions/extensions.json
2026-07-19 16:40:54.456 [info] Getting Manifest... ms-azuretools.vscode-containers
2026-07-19 16:40:55.183 [info] Installing extension: ms-azuretools.vscode-containers {"isMachineScoped":false,"installPreReleaseVersion":false,"pinned":false,"profileLocation":{"$mid":1,"external":"vscode-userdata:/home/shxqow/.vscode/extensions/extensions.json","path":"/home/shxqow/.vscode/extensions/extensions.json","scheme":"vscode-userdata"},"isBuiltin":false,"isApplicationScoped":false,"productVersion":{"version":"1.129.1","date":"2026-07-17T15:35:09Z"}}
2026-07-19 16:40:57.222 [info] Extension signature verification result for ms-azuretools.vscode-containers: Success. Internal Code: 0. Executed: true. Duration: 685ms.
2026-07-19 16:40:57.259 [info] Extracted extension to file:///home/shxqow/.vscode/extensions/ms-azuretools.vscode-containers-2.4.5: ms-azuretools.vscode-containers
2026-07-19 16:40:57.267 [info] Renamed to /home/shxqow/.vscode/extensions/ms-azuretools.vscode-containers-2.4.5
2026-07-19 16:40:57.285 [info] Extension installed successfully: ms-azuretools.vscode-containers vscode-userdata:/home/shxqow/.vscode/extensions/extensions.json
2026-07-19 16:41:05.246 [info] Getting Manifest... mechatroner.rainbow-csv
2026-07-19 16:41:05.935 [info] Installing extension: mechatroner.rainbow-csv {"isMachineScoped":false,"installPreReleaseVersion":false,"pinned":false,"profileLocation":{"$mid":1,"external":"vscode-userdata:/home/shxqow/.vscode/extensions/extensions.json","path":"/home/shxqow/.vscode/extensions/extensions.json","scheme":"vscode-userdata"},"isBuiltin":false,"isApplicationScoped":false,"productVersion":{"version":"1.129.1","date":"2026-07-17T15:35:09Z"}}
2026-07-19 16:41:07.485 [info] Extension signature verification result for mechatroner.rainbow-csv: Success. Internal Code: 0. Executed: true. Duration: 570ms.
2026-07-19 16:41:07.521 [info] Extracted extension to file:///home/shxqow/.vscode/extensions/mechatroner.rainbow-csv-3.24.1: mechatroner.rainbow-csv
2026-07-19 16:41:07.532 [info] Renamed to /home/shxqow/.vscode/extensions/mechatroner.rainbow-csv-3.24.1
2026-07-19 16:41:07.549 [info] Extension installed successfully: mechatroner.rainbow-csv vscode-userdata:/home/shxqow/.vscode/extensions/extensions.json
2026-07-19 16:41:10.285 [info] Getting Manifest... ms-vscode.hexeditor
2026-07-19 16:41:10.967 [info] Installing extension: ms-vscode.hexeditor {"isMachineScoped":false,"installPreReleaseVersion":false,"pinned":false,"profileLocation":{"$mid":1,"external":"vscode-userdata:/home/shxqow/.vscode/extensions/extensions.json","path":"/home/shxqow/.vscode/extensions/extensions.json","scheme":"vscode-userdata"},"isBuiltin":false,"isApplicationScoped":false,"productVersion":{"version":"1.129.1","date":"2026-07-17T15:35:09Z"}}
2026-07-19 16:41:12.823 [info] Extension signature verification result for ms-vscode.hexeditor: Success. Internal Code: 0. Executed: true. Duration: 982ms.
2026-07-19 16:41:12.853 [info] Extracted extension to file:///home/shxqow/.vscode/extensions/ms-vscode.hexeditor-1.11.1: ms-vscode.hexeditor
2026-07-19 16:41:12.875 [info] Renamed to /home/shxqow/.vscode/extensions/ms-vscode.hexeditor-1.11.1
2026-07-19 16:41:12.891 [info] Extension installed successfully: ms-vscode.hexeditor vscode-userdata:/home/shxqow/.vscode/extensions/extensions.json
2026-07-19 16:41:29.935 [info] Getting Manifest... formulahendry.code-runner
2026-07-19 16:41:30.589 [info] Installing extension: formulahendry.code-runner {"isMachineScoped":false,"installPreReleaseVersion":false,"pinned":false,"profileLocation":{"$mid":1,"external":"vscode-userdata:/home/shxqow/.vscode/extensions/extensions.json","path":"/home/shxqow/.vscode/extensions/extensions.json","scheme":"vscode-userdata"},"isBuiltin":false,"isApplicationScoped":false,"productVersion":{"version":"1.129.1","date":"2026-07-17T15:35:09Z"}}
2026-07-19 16:41:32.300 [info] Extension signature verification result for formulahendry.code-runner: Success. Internal Code: 0. Executed: true. Duration: 587ms.
2026-07-19 16:41:32.366 [info] Extracted extension to file:///home/shxqow/.vscode/extensions/formulahendry.code-runner-0.12.2: formulahendry.code-runner
2026-07-19 16:41:32.377 [info] Renamed to /home/shxqow/.vscode/extensions/formulahendry.code-runner-0.12.2
2026-07-19 16:41:32.395 [info] Extension installed successfully: formulahendry.code-runner vscode-userdata:/home/shxqow/.vscode/extensions/extensions.json
2026-07-19 16:41:49.329 [info] Getting Manifest... yzhang.markdown-all-in-one
2026-07-19 16:41:50.151 [info] Installing extension: yzhang.markdown-all-in-one {"isMachineScoped":false,"installPreReleaseVersion":false,"pinned":false,"profileLocation":{"$mid":1,"external":"vscode-userdata:/home/shxqow/.vscode/extensions/extensions.json","path":"/home/shxqow/.vscode/extensions/extensions.json","scheme":"vscode-userdata"},"isBuiltin":false,"isApplicationScoped":false,"productVersion":{"version":"1.129.1","date":"2026-07-17T15:35:09Z"}}
2026-07-19 16:41:51.853 [info] Extension signature verification result for yzhang.markdown-all-in-one: Success. Internal Code: 0. Executed: true. Duration: 636ms.
2026-07-19 16:41:51.880 [info] Extracted extension to file:///home/shxqow/.vscode/extensions/yzhang.markdown-all-in-one-3.6.3: yzhang.markdown-all-in-one
2026-07-19 16:41:51.895 [info] Renamed to /home/shxqow/.vscode/extensions/yzhang.markdown-all-in-one-3.6.3
2026-07-19 16:41:51.911 [info] Extension installed successfully: yzhang.markdown-all-in-one vscode-userdata:/home/shxqow/.vscode/extensions/extensions.json
2026-07-19 16:42:00.007 [info] Getting Manifest... redhat.vscode-xml
2026-07-19 16:42:00.669 [info] Installing extension: redhat.vscode-xml {"isMachineScoped":false,"installPreReleaseVersion":false,"pinned":false,"profileLocation":{"$mid":1,"external":"vscode-userdata:/home/shxqow/.vscode/extensions/extensions.json","path":"/home/shxqow/.vscode/extensions/extensions.json","scheme":"vscode-userdata"},"isBuiltin":false,"isApplicationScoped":false,"productVersion":{"version":"1.129.1","date":"2026-07-17T15:35:09Z"}}
2026-07-19 16:42:12.335 [info] Extension signature verification result for redhat.vscode-xml: Success. Internal Code: 0. Executed: true. Duration: 659ms.
2026-07-19 16:42:12.684 [info] Extracted extension to file:///home/shxqow/.vscode/extensions/redhat.vscode-xml-0.29.3-linux-x64: redhat.vscode-xml
2026-07-19 16:42:12.692 [info] Renamed to /home/shxqow/.vscode/extensions/redhat.vscode-xml-0.29.3-linux-x64
2026-07-19 16:42:12.750 [info] Extension installed successfully: redhat.vscode-xml vscode-userdata:/home/shxqow/.vscode/extensions/extensions.json
