[2026-07-19T14:28:49.617Z] Initializing configuration support...
[2026-07-19T14:28:49.619Z] Internal initialization of dev container support package...
[2026-07-19T14:28:49.617Z] Dev Containers 0.466.0 in VS Code 1.129.1 (8a7abeba6e03ea3af87bfbce9a1b7e48fed567b8).
[2026-07-19T14:29:03.060Z] Start: Run: docker -v
[2026-07-19T14:29:03.073Z] Stop (13 ms): Run: docker -v
[2026-07-19T14:29:03.073Z] Start: Run: docker version --format {{json .}}
[2026-07-19T14:29:03.222Z] {"Client":{"Version":"29.6.0","ApiVersion":"1.55","DefaultAPIVersion":"1.55","GitCommit":"1.fc43","GoVersion":"go1.25.11 X:nodwarf5","Os":"linux","Arch":"amd64","BuildTime":"Fri Jun 19 00:00:00 2026","Context":"default"},"Server":{"Platform":{"Name":""},"Version":"29.6.0","ApiVersion":"1.55","MinAPIVersion":"1.40","Os":"linux","Arch":"amd64","Components":[{"Name":"Engine","Version":"29.6.0","Details":{"ApiVersion":"1.55","Arch":"amd64","BuildTime":"Fri Jun 19 00:00:00 2026","Experimental":"false","GitCommit":"1.fc43","GoVersion":"go1.25.11 X:nodwarf5","KernelVersion":"7.1.3-cachyos1.fc43.x86_64","MinAPIVersion":"1.40","Module":"github.com/moby/moby/v2","ModuleVersion":"v2.0.0+unknown","Os":"linux"}},{"Name":"containerd","Version":"2.2.5","Details":{"GitCommit":"1.fc43"}},{"Name":"runc","Version":"1.5.0","Details":{"GitCommit":""}},{"Name":"tini-static","Version":"0.19.0","Details":{"GitCommit":""}}],"GitCommit":"1.fc43","GoVersion":"go1.25.11 X:nodwarf5","KernelVersion":"7.1.3-cachyos1.fc43.x86_64","BuildTime":"2026-06-19T00:00:00.000000000+00:00"}}
[2026-07-19T14:29:03.224Z] 
[2026-07-19T14:29:03.239Z] Stop (166 ms): Run: docker version --format {{json .}}
[2026-07-19T14:29:03.255Z] Start: Run: docker events --format {{json .}} --filter event=create --filter event=destroy --filter event=die --filter event=health-status --filter event=kill --filter event=pause --filter event=rename --filter event=resize --filter event=restart --filter event=start --filter event=stop --filter event=unpause --filter event=update --filter event=exec_create
[2026-07-19T14:29:03.274Z] Start: Run: docker ps -q -a
[2026-07-19T14:29:03.287Z] Start: Run: docker -v
[2026-07-19T14:29:03.311Z] Stop (24 ms): Run: docker -v
[2026-07-19T14:29:03.311Z] Start: Run: docker version --format {{json .}}
[2026-07-19T14:29:03.330Z] {"Client":{"Version":"29.6.0","ApiVersion":"1.55","DefaultAPIVersion":"1.55","GitCommit":"1.fc43","GoVersion":"go1.25.11 X:nodwarf5","Os":"linux","Arch":"amd64","BuildTime":"Fri Jun 19 00:00:00 2026","Context":"default"},"Server":{"Platform":{"Name":""},"Version":"29.6.0","ApiVersion":"1.55","MinAPIVersion":"1.40","Os":"linux","Arch":"amd64","Components":[{"Name":"Engine","Version":"29.6.0","Details":{"ApiVersion":"1.55","Arch":"amd64","BuildTime":"Fri Jun 19 00:00:00 2026","Experimental":"false","GitCommit":"1.fc43","GoVersion":"go1.25.11 X:nodwarf5","KernelVersion":"7.1.3-cachyos1.fc43.x86_64","MinAPIVersion":"1.40","Module":"github.com/moby/moby/v2","ModuleVersion":"v2.0.0+unknown","Os":"linux"}},{"Name":"containerd","Version":"2.2.5","Details":{"GitCommit":"1.fc43"}},{"Name":"runc","Version":"1.5.0","Details":{"GitCommit":""}},{"Name":"tini-static","Version":"0.19.0","Details":{"GitCommit":""}}],"GitCommit":"1.fc43","GoVersion":"go1.25.11 X:nodwarf5","KernelVersion":"7.1.3-cachyos1.fc43.x86_64","BuildTime":"2026-06-19T00:00:00.000000000+00:00"}}
[2026-07-19T14:29:03.331Z] Stop (20 ms): Run: docker version --format {{json .}}
[2026-07-19T14:29:03.332Z] Start: Run: docker events --format {{json .}} --filter event=destroy --filter event=die --filter event=kill --filter event=create --filter event=rename --filter event=resize --filter event=restart --filter event=start --filter event=stop --filter event=unpause --filter event=prune
[2026-07-19T14:29:03.336Z] Start: Run: docker volume ls -q
[2026-07-19T14:29:03.358Z] Stop (22 ms): Run: docker volume ls -q
[2026-07-19T14:29:03.358Z] Start: Run: docker inspect --type volume 5d93ddbbe920e5635e4ff19875cb0fb2c098af00394cb9a861bf95e397d1e06c 45aa1d78336ce0820b5fbbd85005c21998111582a085cc831aa4e1f3fdd14450 59825de11614f886bbc9522676de7d644838d6512ad4fe74798798dac7dbd83d bfc3e45e29ed1996c668965df0bd120d7856d34d1924a56a60a7db42356c24f8 buildx_buildkit_bluebuild0_state dnf-cache e269ded1399e7f90ef74dde9e077d3b1cec64d26a0b9c0fc3617210af8d07303 f0dea93ee78e3ea347eb28b97807c2c0f79524cd14db1b14f97feb6541c270bb
[2026-07-19T14:29:03.371Z] Stop (97 ms): Run: docker ps -q -a
[2026-07-19T14:29:03.373Z] Start: Run: docker inspect --type container 7578b574e847 a330d916b23c 79ac616934c0
[2026-07-19T14:29:03.377Z] Stop (19 ms): Run: docker inspect --type volume 5d93ddbbe920e5635e4ff19875cb0fb2c098af00394cb9a861bf95e397d1e06c 45aa1d78336ce0820b5fbbd85005c21998111582a085cc831aa4e1f3fdd14450 59825de11614f886bbc9522676de7d644838d6512ad4fe74798798dac7dbd83d bfc3e45e29ed1996c668965df0bd120d7856d34d1924a56a60a7db42356c24f8 buildx_buildkit_bluebuild0_state dnf-cache e269ded1399e7f90ef74dde9e077d3b1cec64d26a0b9c0fc3617210af8d07303 f0dea93ee78e3ea347eb28b97807c2c0f79524cd14db1b14f97feb6541c270bb
[2026-07-19T14:29:03.390Z] Stop (17 ms): Run: docker inspect --type container 7578b574e847 a330d916b23c 79ac616934c0
