2026-07-19 16:12:34.387 [info] read schema from vscode: vscode://schemas/settings/user
2026-07-19 16:12:34.534 [info] read schema from vscode: vscode://schemas/settings/resourceLanguage
2026-07-19 16:12:34.536 [info] read schema from vscode: vscode://schemas/ignoredSettings
2026-07-19 16:12:34.542 [info] read schema from vscode: vscode://schemas/launch
2026-07-19 16:12:34.546 [info] read schema from vscode: vscode://schemas/token-styling
2026-07-19 16:12:34.546 [info] read schema from vscode: vscode://schemas/textmate-colors
2026-07-19 16:12:34.547 [info] read schema from vscode: vscode://schemas/workbench-colors
2026-07-19 16:12:35.580 [info] schema change detected vscode://schemas/settings/user
2026-07-19 16:12:35.585 [info] read schema from vscode: vscode://schemas/settings/user
2026-07-19 16:12:57.208 [info] schema change detected vscode://schemas/settings/user
2026-07-19 16:20:15.314 [info] read schema from vscode: vscode://schemas/settings/user
2026-07-19 16:20:15.460 [info] read schema from vscode: vscode://schemas/settings/resourceLanguage
2026-07-19 16:20:15.460 [info] read schema from vscode: vscode://schemas/ignoredSettings
2026-07-19 16:20:15.464 [info] read schema from vscode: vscode://schemas/launch
2026-07-19 16:20:15.469 [info] read schema from vscode: vscode://schemas/token-styling
2026-07-19 16:20:15.469 [info] read schema from vscode: vscode://schemas/textmate-colors
2026-07-19 16:20:15.470 [info] read schema from vscode: vscode://schemas/workbench-colors
2026-07-19 16:20:16.460 [info] schema change detected vscode://schemas/settings/user
2026-07-19 16:20:16.462 [info] read schema from vscode: vscode://schemas/settings/user
2026-07-19 16:20:23.891 [info] schema change detected vscode://schemas/settings/user
2026-07-19 16:20:45.422 [info] schema change detected vscode://schemas/workbench-colors
2026-07-19 16:20:50.399 [info] schema change detected vscode://schemas/workbench-colors
2026-07-19 16:20:51.139 [info] schema change detected vscode://schemas/workbench-colors
2026-07-19 16:20:51.602 [info] schema change detected vscode://schemas/workbench-colors
2026-07-19 16:20:52.903 [info] schema change detected vscode://schemas/workbench-colors
2026-07-19 16:21:39.477 [info] read schema from vscode: vscode://schemas/settings/user
2026-07-19 16:21:39.582 [info] read schema from vscode: vscode://schemas/workbench-colors
2026-07-19 16:21:40.624 [info] schema change detected vscode://schemas/settings/user
2026-07-19 16:21:40.626 [info] read schema from vscode: vscode://schemas/settings/user
2026-07-19 16:21:43.712 [info] schema change detected vscode://schemas/settings/user
2026-07-19 16:21:54.199 [info] schema change detected vscode://schemas/settings/user
2026-07-19 16:22:18.310 [info] schema change detected vscode://schemas/settings/user
2026-07-19 16:22:18.584 [info] schema change detected vscode://schemas/workbench-colors
2026-07-19 16:22:25.971 [info] schema change detected vscode://schemas/workbench-colors
2026-07-19 16:22:26.524 [info] schema change detected vscode://schemas/workbench-colors
2026-07-19 16:22:27.286 [info] schema change detected vscode://schemas/workbench-colors
2026-07-19 16:22:30.535 [info] schema change detected vscode://schemas/workbench-colors
2026-07-19 16:22:30.870 [info] schema change detected vscode://schemas/workbench-colors
2026-07-19 16:22:31.878 [info] schema change detected vscode://schemas/workbench-colors
2026-07-19 16:22:32.145 [info] schema change detected vscode://schemas/workbench-colors
2026-07-19 16:22:38.905 [info] schema change detected vscode://schemas/workbench-colors
2026-07-19 16:22:40.058 [info] schema change detected vscode://schemas/workbench-colors
2026-07-19 16:22:40.536 [info] schema change detected vscode://schemas/workbench-colors
2026-07-19 16:22:49.940 [info] schema change detected vscode://schemas/settings/user
2026-07-19 16:23:14.183 [info] schema change detected vscode://schemas/ignoredSettings
2026-07-19 16:23:14.246 [info] schema change detected vscode://schemas/settings/user
