2026-07-19 16:43:47.750 [info] [main] Log level: Info
2026-07-19 16:43:47.750 [info] [main] Validating found git in: "git"
2026-07-19 16:43:47.750 [info] [main] Using git "2.55.0" from "git"
2026-07-19 16:43:47.750 [info] [Model][doInitialScan] Initial repository scan started
2026-07-19 16:43:47.750 [info] > git rev-parse --show-toplevel [3ms]
2026-07-19 16:43:47.750 [info] > git rev-parse --git-dir --git-common-dir --show-superproject-working-tree [4ms]
2026-07-19 16:43:47.774 [info] [Model][openRepository] Opened repository (path): /home/shxqow/Documents/Projects/Shell
2026-07-19 16:43:47.774 [info] [Model][openRepository] Opened repository (real path): /home/shxqow/Documents/Projects/Shell
2026-07-19 16:43:47.774 [info] [Model][openRepository] Opened repository (kind): repository
2026-07-19 16:43:47.787 [info] > git config --get --local core.virtualfilesystem [9ms]
2026-07-19 16:43:47.787 [warning] [Git][config] git config failed: Failed to execute git
2026-07-19 16:43:48.034 [info] > git config --get commit.template [251ms]
2026-07-19 16:43:48.069 [info] > git rev-parse --show-toplevel [283ms]
2026-07-19 16:43:48.089 [info] > git check-ignore -v -z --stdin [6ms]
2026-07-19 16:43:48.091 [info] > git rev-parse --show-toplevel [12ms]
2026-07-19 16:43:48.091 [info] > git for-each-ref --format=%(refname)%00%(upstream:short)%00%(objectname)%00%(upstream:track)%00%(upstream:remotename)%00%(upstream:remoteref) refs/heads/main refs/remotes/main [16ms]
2026-07-19 16:43:48.105 [info] > git status -z -uall [9ms]
2026-07-19 16:43:48.113 [info] > git rev-parse --show-toplevel [9ms]
2026-07-19 16:43:48.113 [info] > git for-each-ref --sort -committerdate --format %(refname)%00%(objectname)%00%(*objectname) [13ms]
2026-07-19 16:43:48.165 [info] > git for-each-ref --format=%(refname)%00%(upstream:short)%00%(objectname)%00%(upstream:track)%00%(upstream:remotename)%00%(upstream:remoteref) refs/heads/main refs/remotes/main [38ms]
2026-07-19 16:43:48.177 [info] > git config --get commit.template [21ms]
2026-07-19 16:43:48.177 [info] > git rev-parse --show-toplevel [45ms]
2026-07-19 16:43:48.178 [info] [Model][doInitialScan] Initial repository scan completed - repositories (1), closed repositories (0), parent repositories (0), unsafe repositories (0)
2026-07-19 16:43:48.207 [info] > git show --textconv :src/expander.rs [17ms]
2026-07-19 16:43:48.210 [info] > git config --get --local branch.main.vscode-merge-base [37ms]
2026-07-19 16:43:48.230 [info] > git ls-files --stage -- src/expander.rs [31ms]
2026-07-19 16:43:48.272 [info] > git for-each-ref --format=%(refname)%00%(upstream:short)%00%(objectname)%00%(upstream:track)%00%(upstream:remotename)%00%(upstream:remoteref) refs/heads/origin/main refs/remotes/origin/main [56ms]
2026-07-19 16:43:48.273 [info] > git for-each-ref --format=%(refname)%00%(upstream:short)%00%(objectname)%00%(upstream:track)%00%(upstream:remotename)%00%(upstream:remoteref) refs/heads/main refs/remotes/main [68ms]
2026-07-19 16:43:48.289 [info] > git status -z -uall [8ms]
2026-07-19 16:43:48.295 [info] > git cat-file -s 0ef4a8f246e3c462e5834d6c22c862f9c2f34a5b [59ms]
2026-07-19 16:43:48.302 [info] > git for-each-ref --sort -committerdate --format %(refname)%00%(objectname)%00%(*objectname) [17ms]
2026-07-19 16:43:48.351 [info] > git check-ignore -v -z --stdin [1ms]
2026-07-19 16:43:48.426 [info] > git blame --root --incremental fbe737180824af66d9a3a7409c62470eacb68f32 -- src/expander.rs [69ms]
2026-07-19 16:43:48.535 [info] > git check-ignore -v -z --stdin [1ms]
2026-07-19 16:43:51.588 [info] > git config --get commit.template [13ms]
2026-07-19 16:43:51.589 [info] > git for-each-ref --format=%(refname)%00%(upstream:short)%00%(objectname)%00%(upstream:track)%00%(upstream:remotename)%00%(upstream:remoteref) refs/heads/main refs/remotes/main [2ms]
2026-07-19 16:43:51.603 [info] > git status -z -uall [7ms]
2026-07-19 16:43:51.605 [info] > git for-each-ref --sort -committerdate --format %(refname)%00%(objectname)%00%(*objectname) [3ms]
2026-07-19 16:44:18.460 [info] > git config --get commit.template [3ms]
2026-07-19 16:44:18.467 [info] > git for-each-ref --format=%(refname)%00%(upstream:short)%00%(objectname)%00%(upstream:track)%00%(upstream:remotename)%00%(upstream:remoteref) refs/heads/main refs/remotes/main [1ms]
2026-07-19 16:44:18.477 [info] > git status -z -uall [5ms]
2026-07-19 16:44:18.478 [info] > git for-each-ref --sort -committerdate --format %(refname)%00%(objectname)%00%(*objectname) [1ms]
2026-07-19 16:44:33.344 [info] > git config --get commit.template [5ms]
2026-07-19 16:44:33.345 [info] > git for-each-ref --format=%(refname)%00%(upstream:short)%00%(objectname)%00%(upstream:track)%00%(upstream:remotename)%00%(upstream:remoteref) refs/heads/main refs/remotes/main [2ms]
2026-07-19 16:44:33.355 [info] > git status -z -uall [6ms]
2026-07-19 16:44:33.356 [info] > git for-each-ref --sort -committerdate --format %(refname)%00%(objectname)%00%(*objectname) [2ms]
2026-07-19 16:45:07.027 [info] > git config --get commit.template [15ms]
2026-07-19 16:45:07.030 [info] > git for-each-ref --format=%(refname)%00%(upstream:short)%00%(objectname)%00%(upstream:track)%00%(upstream:remotename)%00%(upstream:remoteref) refs/heads/main refs/remotes/main [5ms]
2026-07-19 16:45:07.054 [info] > git status -z -uall [12ms]
2026-07-19 16:45:07.056 [info] > git for-each-ref --sort -committerdate --format %(refname)%00%(objectname)%00%(*objectname) [3ms]
2026-07-19 16:45:08.040 [info] > git check-ignore -v -z --stdin [4ms]
2026-07-19 16:45:08.072 [info] > git show --textconv :src/main.rs [15ms]
2026-07-19 16:45:08.076 [info] > git ls-files --stage -- src/main.rs [5ms]
2026-07-19 16:45:08.092 [info] > git cat-file -s 2e0557a178287ace92b9c735eabb9c32c0c5d98b [4ms]
2026-07-19 16:45:08.427 [info] > git blame --root --incremental fbe737180824af66d9a3a7409c62470eacb68f32 -- src/main.rs [3ms]
2026-07-19 16:45:20.261 [info] > git check-ignore -v -z --stdin [1ms]
2026-07-19 16:45:20.271 [info] > git show --textconv :src/expander.rs [4ms]
2026-07-19 16:45:20.271 [info] > git ls-files --stage -- src/expander.rs [1ms]
2026-07-19 16:45:20.276 [info] > git cat-file -s 0ef4a8f246e3c462e5834d6c22c862f9c2f34a5b [1ms]
2026-07-19 16:45:21.906 [info] > git config --get commit.template [5ms]
2026-07-19 16:45:21.906 [info] > git for-each-ref --format=%(refname)%00%(upstream:short)%00%(objectname)%00%(upstream:track)%00%(upstream:remotename)%00%(upstream:remoteref) refs/heads/main refs/remotes/main [1ms]
2026-07-19 16:45:21.914 [info] > git status -z -uall [4ms]
2026-07-19 16:45:21.915 [info] > git for-each-ref --sort -committerdate --format %(refname)%00%(objectname)%00%(*objectname) [1ms]
2026-07-19 16:45:58.057 [info] > git config --get commit.template [5ms]
2026-07-19 16:45:58.058 [info] > git for-each-ref --format=%(refname)%00%(upstream:short)%00%(objectname)%00%(upstream:track)%00%(upstream:remotename)%00%(upstream:remoteref) refs/heads/main refs/remotes/main [1ms]
2026-07-19 16:45:58.066 [info] > git status -z -uall [4ms]
2026-07-19 16:45:58.067 [info] > git for-each-ref --sort -committerdate --format %(refname)%00%(objectname)%00%(*objectname) [1ms]
2026-07-19 16:47:41.029 [info] [main] Log level: Info
2026-07-19 16:47:41.034 [info] [main] Validating found git in: "git"
2026-07-19 16:47:41.034 [info] [main] Using git "2.55.0" from "git"
2026-07-19 16:47:41.034 [info] [Model][doInitialScan] Initial repository scan started
2026-07-19 16:47:41.034 [info] > git rev-parse --show-toplevel [325ms]
2026-07-19 16:47:41.061 [info] > git rev-parse --git-dir --git-common-dir --show-superproject-working-tree [20ms]
2026-07-19 16:47:41.072 [info] [Model][openRepository] Opened repository (path): /home/shxqow/Documents/Projects/Linux
2026-07-19 16:47:41.072 [info] [Model][openRepository] Opened repository (real path): /home/shxqow/Documents/Projects/Linux
2026-07-19 16:47:41.072 [info] [Model][openRepository] Opened repository (kind): repository
2026-07-19 16:47:41.091 [info] > git config --get commit.template [8ms]
2026-07-19 16:47:41.091 [info] > git config --get --local core.virtualfilesystem [14ms]
2026-07-19 16:47:41.091 [warning] [Git][config] git config failed: Failed to execute git
2026-07-19 16:47:41.092 [info] > git rev-parse --show-toplevel [6ms]
2026-07-19 16:47:41.103 [info] > git rev-parse --show-toplevel [3ms]
2026-07-19 16:47:41.103 [info] > git for-each-ref --format=%(refname)%00%(upstream:short)%00%(objectname)%00%(upstream:track)%00%(upstream:remotename)%00%(upstream:remoteref) refs/heads/main refs/remotes/main [7ms]
2026-07-19 16:47:41.109 [info] > git rev-parse --show-toplevel [1ms]
2026-07-19 16:47:41.298 [info] > git rev-parse --show-toplevel [30ms]
2026-07-19 16:47:41.299 [info] [Model][doInitialScan] Initial repository scan completed - repositories (1), closed repositories (0), parent repositories (0), unsafe repositories (0)
2026-07-19 16:47:41.378 [info] > git for-each-ref --sort -committerdate --format %(refname)%00%(objectname)%00%(*objectname) [87ms]
2026-07-19 16:47:41.434 [info] > git status -z -uall [149ms]
2026-07-19 16:47:41.453 [info] > git config --get commit.template [1ms]
2026-07-19 16:47:41.453 [info] > git for-each-ref --format=%(refname)%00%(upstream:short)%00%(objectname)%00%(upstream:track)%00%(upstream:remotename)%00%(upstream:remoteref) refs/heads/main refs/remotes/main [6ms]
2026-07-19 16:47:41.461 [info] > git config --get --local branch.main.vscode-merge-base [4ms]
2026-07-19 16:47:41.465 [info] > git for-each-ref --format=%(refname)%00%(upstream:short)%00%(objectname)%00%(upstream:track)%00%(upstream:remotename)%00%(upstream:remoteref) refs/heads/main refs/remotes/main [5ms]
2026-07-19 16:47:41.466 [info] > git for-each-ref --format=%(refname)%00%(upstream:short)%00%(objectname)%00%(upstream:track)%00%(upstream:remotename)%00%(upstream:remoteref) refs/heads/origin/main refs/remotes/origin/main [1ms]
2026-07-19 16:47:41.478 [info] > git merge-base refs/heads/main refs/remotes/origin/main [8ms]
2026-07-19 16:47:41.486 [info] > git for-each-ref --sort -committerdate --format %(refname)%00%(objectname)%00%(*objectname) [9ms]
2026-07-19 16:47:41.489 [info] > git diff --raw --numstat --diff-filter=ADMR -z --find-renames=50% f3e4bc3d23228efe54f0dfbd5adec17392caa1ce...refs/remotes/origin/main -- [6ms]
2026-07-19 16:47:41.613 [info] > git status -z -uall [140ms]
2026-07-19 16:47:41.654 [info] > git check-ignore -v -z --stdin [60ms]
2026-07-19 16:48:17.657 [info] > git check-ignore -v -z --stdin [23ms]
2026-07-19 16:48:20.374 [info] > git check-ignore -v -z --stdin [30ms]
2026-07-19 16:48:21.349 [info] > git check-ignore -v -z --stdin [49ms]
2026-07-19 16:48:22.434 [info] > git check-ignore -v -z --stdin [39ms]
