2026-07-19 16:26:11.059 [info] Extension host with pid 25419 started
2026-07-19 16:26:11.059 [info] Skipping acquiring lock for /home/shxqow/.config/Code/User/workspaceStorage/d3233d3a825a6a43ab34f429d35b3ef4.
2026-07-19 16:26:11.255 [info] ExtensionService#_doActivateExtension vscode.github-authentication, startup: false, activationEvent: 'onAuthenticationRequest:github'
2026-07-19 16:26:11.277 [info] ExtensionService#_doActivateExtension vscode.emmet, startup: false, activationEvent: 'onLanguage'
2026-07-19 16:26:11.435 [info] ExtensionService#_doActivateExtension vscode.git-base, startup: true, activationEvent: '*', root cause: vscode.git
2026-07-19 16:26:11.455 [info] ExtensionService#_doActivateExtension vscode.git, startup: true, activationEvent: '*'
2026-07-19 16:26:11.494 [info] ExtensionService#_doActivateExtension vscode.github, startup: true, activationEvent: '*'
2026-07-19 16:26:11.586 [info] Eager extensions activated
2026-07-19 16:26:11.622 [info] ExtensionService#_doActivateExtension vscode.debug-auto-launch, startup: false, activationEvent: 'onStartupFinished'
2026-07-19 16:26:11.624 [info] ExtensionService#_doActivateExtension vscode.merge-conflict, startup: false, activationEvent: 'onStartupFinished'
2026-07-19 16:26:11.636 [info] ExtensionService#_doActivateExtension PKief.material-icon-theme, startup: false, activationEvent: 'onStartupFinished'
2026-07-19 16:26:18.738 [info] ExtensionService#_doActivateExtension vscode.configuration-editing, startup: false, activationEvent: 'onLanguage:jsonc'
2026-07-19 16:26:18.747 [info] ExtensionService#_doActivateExtension vscode.json-language-features, startup: false, activationEvent: 'onLanguage:jsonc'
2026-07-19 16:26:18.807 [info] ExtensionService#_doActivateExtension vscode.typescript-language-features, startup: false, activationEvent: 'onLanguage:jsonc'
2026-07-19 16:28:49.250 [info] ExtensionService#_doActivateExtension ms-vscode-remote.remote-containers, startup: false, activationEvent: 'onStartupFinished'
2026-07-19 16:29:08.902 [info] ExtensionService#_doActivateExtension rust-lang.rust-analyzer, startup: false, activationEvent: 'onLanguage:rust'
2026-07-19 16:30:21.209 [info] ExtensionService#_doActivateExtension ms-python.python, startup: false, activationEvent: 'onWalkthrough:pythonWelcome'
2026-07-19 16:30:21.382 [info] ExtensionService#_doActivateExtension ms-python.vscode-python-envs, startup: false, activationEvent: 'api', root cause: ms-python.python
2026-07-19 16:30:22.859 [info] ExtensionService#_doActivateExtension ms-python.vscode-pylance, startup: false, activationEvent: 'api', root cause: ms-python.python
2026-07-19 16:30:25.137 [warning] DiagnosticCollection with name 'Pylance' does already exist.
2026-07-19 16:30:25.269 [warning] DiagnosticCollection with name 'Pylance' does already exist.
2026-07-19 16:32:12.796 [info] ExtensionService#_doActivateExtension bradlc.vscode-tailwindcss, startup: false, activationEvent: 'onStartupFinished'
2026-07-19 16:32:35.568 [info] ExtensionService#_doActivateExtension kisstkondoros.vscode-gutter-preview, startup: false, activationEvent: 'onStartupFinished'
2026-07-19 16:32:41.417 [info] ExtensionService#_doActivateExtension aaron-bond.better-comments, startup: false, activationEvent: 'onStartupFinished'
2026-07-19 16:32:58.990 [info] ExtensionService#_doActivateExtension usernamehw.errorlens, startup: false, activationEvent: 'onStartupFinished'
2026-07-19 16:33:10.388 [info] ExtensionService#_doActivateExtension dbaeumer.vscode-eslint, startup: false, activationEvent: 'onStartupFinished'
2026-07-19 16:33:51.343 [info] ExtensionService#_doActivateExtension Zignd.html-css-class-completion, startup: false, activationEvent: '*'
2026-07-19 16:33:51.570 [info] ExtensionService#_doActivateExtension formulahendry.auto-rename-tag, startup: false, activationEvent: '*'
2026-07-19 16:40:57.589 [info] ExtensionService#_doActivateExtension ms-azuretools.vscode-containers, startup: false, activationEvent: 'onWalkthrough:containersStart'
2026-07-19 16:41:07.779 [info] ExtensionService#_doActivateExtension mechatroner.rainbow-csv, startup: false, activationEvent: 'onLanguage:plaintext'
2026-07-19 16:41:32.592 [info] ExtensionService#_doActivateExtension formulahendry.code-runner, startup: false, activationEvent: 'onStartupFinished'
2026-07-19 16:41:52.003 [info] ExtensionService#_doActivateExtension yzhang.markdown-all-in-one, startup: false, activationEvent: 'workspaceContains:README.md'
2026-07-19 16:41:52.130 [info] ExtensionService#_doActivateExtension vscode.markdown-math, startup: false, activationEvent: 'api', root cause: yzhang.markdown-all-in-one
2026-07-19 16:41:52.169 [info] ExtensionService#_doActivateExtension vscode.mermaid-markdown-features, startup: false, activationEvent: 'api', root cause: yzhang.markdown-all-in-one
2026-07-19 16:41:52.175 [error] Error: Tool "renderMermaidDiagram" was not contributed.
    at AF.registerToolImplementation (vscode-file://vscode-app/usr/share/code/resources/app/out/vs/workbench/workbench.desktop.main.js:3412:5759)
    at wBt.$registerTool (vscode-file://vscode-app/usr/share/code/resources/app/out/vs/workbench/workbench.desktop.main.js:1021:97519)
    at s._doInvokeHandler (vscode-file://vscode-app/usr/share/code/resources/app/out/vs/workbench/workbench.desktop.main.js:5218:51898)
    at s._invokeHandler (vscode-file://vscode-app/usr/share/code/resources/app/out/vs/workbench/workbench.desktop.main.js:5218:51644)
    at s._receiveRequest (vscode-file://vscode-app/usr/share/code/resources/app/out/vs/workbench/workbench.desktop.main.js:5218:50425)
    at s._receiveOneMessage (vscode-file://vscode-app/usr/share/code/resources/app/out/vs/workbench/workbench.desktop.main.js:5218:49259)
    at Vxe.value (vscode-file://vscode-app/usr/share/code/resources/app/out/vs/workbench/workbench.desktop.main.js:5218:47331)
    at D._deliver (vscode-file://vscode-app/usr/share/code/resources/app/out/vs/workbench/workbench.desktop.main.js:433:3268)
    at D.fire (vscode-file://vscode-app/usr/share/code/resources/app/out/vs/workbench/workbench.desktop.main.js:433:3587)
    at o6.fire (vscode-file://vscode-app/usr/share/code/resources/app/out/vs/workbench/workbench.desktop.main.js:1076:9732)
    at MessagePort.<anonymous> (vscode-file://vscode-app/usr/share/code/resources/app/out/vs/workbench/workbench.desktop.main.js:5233:16880)
2026-07-19 16:43:40.641 [info] Extension host terminating: received terminate message from renderer
2026-07-19 16:43:40.691 [error] An error occurred when disposing the subscriptions for extension 'ms-python.vscode-python-envs':
2026-07-19 16:43:40.705 [error] Error: Channel has been closed
    at r (file:///usr/share/code/resources/app/out/vs/workbench/api/node/extensionHostProcess.js:542:3935)
    at Object.error (file:///usr/share/code/resources/app/out/vs/workbench/api/node/extensionHostProcess.js:542:4394)
    at Object.dispose (/home/shxqow/.vscode/extensions/ms-python.vscode-python-envs-1.36.0-linux-x64/dist/extension.js:2:577510)
    at /home/shxqow/.vscode/extensions/ms-python.vscode-python-envs-1.36.0-linux-x64/dist/extension.js:2:576097
    at Array.forEach (<anonymous>)
    at D.dispose (/home/shxqow/.vscode/extensions/ms-python.vscode-python-envs-1.36.0-linux-x64/dist/extension.js:2:576084)
    at wn (file:///usr/share/code/resources/app/out/vs/workbench/api/node/extensionHostProcess.js:429:736)
    at q_._fn (file:///usr/share/code/resources/app/out/vs/workbench/api/node/extensionHostProcess.js:539:18838)
    at q_.dispose (file:///usr/share/code/resources/app/out/vs/workbench/api/node/extensionHostProcess.js:429:1248)
    at u_._deactivate (file:///usr/share/code/resources/app/out/vs/workbench/api/node/extensionHostProcess.js:539:15155)
    at file:///usr/share/code/resources/app/out/vs/workbench/api/node/extensionHostProcess.js:539:12457
    at Array.map (<anonymous>)
    at u_._deactivateAll (file:///usr/share/code/resources/app/out/vs/workbench/api/node/extensionHostProcess.js:539:12445)
    at u_.terminate (file:///usr/share/code/resources/app/out/vs/workbench/api/node/extensionHostProcess.js:539:12796)
    at i.terminate (file:///usr/share/code/resources/app/out/vs/workbench/api/node/extensionHostProcess.js:541:1072)
    at la (file:///usr/share/code/resources/app/out/vs/workbench/api/node/extensionHostProcess.js:852:11797)
    at _p.value (file:///usr/share/code/resources/app/out/vs/workbench/api/node/extensionHostProcess.js:852:9939)
    at T._deliver (file:///usr/share/code/resources/app/out/vs/workbench/api/node/extensionHostProcess.js:431:3244)
    at T.fire (file:///usr/share/code/resources/app/out/vs/workbench/api/node/extensionHostProcess.js:431:3562)
    at gs.fire (file:///usr/share/code/resources/app/out/vs/workbench/api/node/extensionHostProcess.js:433:8509)
    at MessagePortMain.<anonymous> (file:///usr/share/code/resources/app/out/vs/workbench/api/node/extensionHostProcess.js:852:8171)
    at MessagePortMain.emit (node:events:509:28)
    at Object.emit (node:electron/js2c/utility_init:2:2934)
2026-07-19 16:43:40.710 [error] TypeError: Cannot read properties of undefined (reading 'subscriptions')
    at Object.re [as deactivate] (/home/shxqow/.vscode/extensions/ms-python.vscode-python-envs-1.36.0-linux-x64/dist/extension.js:2:770294)
    at u_._deactivate (file:///usr/share/code/resources/app/out/vs/workbench/api/node/extensionHostProcess.js:539:14930)
    at file:///usr/share/code/resources/app/out/vs/workbench/api/node/extensionHostProcess.js:539:12457
    at Array.map (<anonymous>)
    at u_._deactivateAll (file:///usr/share/code/resources/app/out/vs/workbench/api/node/extensionHostProcess.js:539:12445)
    at u_.terminate (file:///usr/share/code/resources/app/out/vs/workbench/api/node/extensionHostProcess.js:539:12796)
    at i.terminate (file:///usr/share/code/resources/app/out/vs/workbench/api/node/extensionHostProcess.js:541:1072)
    at la (file:///usr/share/code/resources/app/out/vs/workbench/api/node/extensionHostProcess.js:852:11797)
    at _p.value (file:///usr/share/code/resources/app/out/vs/workbench/api/node/extensionHostProcess.js:852:9939)
    at T._deliver (file:///usr/share/code/resources/app/out/vs/workbench/api/node/extensionHostProcess.js:431:3244)
    at T.fire (file:///usr/share/code/resources/app/out/vs/workbench/api/node/extensionHostProcess.js:431:3562)
    at gs.fire (file:///usr/share/code/resources/app/out/vs/workbench/api/node/extensionHostProcess.js:433:8509)
    at MessagePortMain.<anonymous> (file:///usr/share/code/resources/app/out/vs/workbench/api/node/extensionHostProcess.js:852:8171)
    at MessagePortMain.emit (node:events:509:28)
    at Object.emit (node:electron/js2c/utility_init:2:2934)
2026-07-19 16:43:40.723 [error] Canceled: Canceled
    at new Ox (file:///usr/share/code/resources/app/out/vs/workbench/api/node/extensionHostProcess.js:435:152502)
    at i._remoteCall (file:///usr/share/code/resources/app/out/vs/workbench/api/node/extensionHostProcess.js:435:158554)
    at Proxy.r.<computed>.s.charCodeAt.r.<computed> (file:///usr/share/code/resources/app/out/vs/workbench/api/node/extensionHostProcess.js:435:155349)
    at Gg._doExecuteCommand (file:///usr/share/code/resources/app/out/vs/workbench/api/node/extensionHostProcess.js:535:48252)
    at Gg.executeCommand (file:///usr/share/code/resources/app/out/vs/workbench/api/node/extensionHostProcess.js:535:47699)
    at e.registerCommand.description (file:///usr/share/code/resources/app/out/vs/workbench/api/node/extensionHostProcess.js:535:46963)
    at Gg._executeContributedCommand (file:///usr/share/code/resources/app/out/vs/workbench/api/node/extensionHostProcess.js:535:48815)
    at Gg._doExecuteCommand (file:///usr/share/code/resources/app/out/vs/workbench/api/node/extensionHostProcess.js:535:47832)
    at Gg.executeCommand (file:///usr/share/code/resources/app/out/vs/workbench/api/node/extensionHostProcess.js:535:47699)
    at Object.executeCommand (file:///usr/share/code/resources/app/out/vs/workbench/api/node/extensionHostProcess.js:673:138414)
    at Xa (/home/shxqow/.vscode/extensions/rust-lang.rust-analyzer-0.3.2971-linux-x64/out/main.js:61:15043)
    at Object.r$ (/home/shxqow/.vscode/extensions/rust-lang.rust-analyzer-0.3.2971-linux-x64/out/main.js:405:1290)
    at u_._deactivate (file:///usr/share/code/resources/app/out/vs/workbench/api/node/extensionHostProcess.js:539:14930)
    at file:///usr/share/code/resources/app/out/vs/workbench/api/node/extensionHostProcess.js:539:12457
    at Array.map (<anonymous>)
    at u_._deactivateAll (file:///usr/share/code/resources/app/out/vs/workbench/api/node/extensionHostProcess.js:539:12445)
    at u_.terminate (file:///usr/share/code/resources/app/out/vs/workbench/api/node/extensionHostProcess.js:539:12796)
    at i.terminate (file:///usr/share/code/resources/app/out/vs/workbench/api/node/extensionHostProcess.js:541:1072)
    at la (file:///usr/share/code/resources/app/out/vs/workbench/api/node/extensionHostProcess.js:852:11797)
    at _p.value (file:///usr/share/code/resources/app/out/vs/workbench/api/node/extensionHostProcess.js:852:9939)
    at T._deliver (file:///usr/share/code/resources/app/out/vs/workbench/api/node/extensionHostProcess.js:431:3244)
    at T.fire (file:///usr/share/code/resources/app/out/vs/workbench/api/node/extensionHostProcess.js:431:3562)
    at gs.fire (file:///usr/share/code/resources/app/out/vs/workbench/api/node/extensionHostProcess.js:433:8509)
    at MessagePortMain.<anonymous> (file:///usr/share/code/resources/app/out/vs/workbench/api/node/extensionHostProcess.js:852:8171)
    at MessagePortMain.emit (node:events:509:28)
    at Object.emit (node:electron/js2c/utility_init:2:2934)
2026-07-19 16:43:40.725 [info] Extension host with pid 25419 exiting with code 0
